[2023-08-29 17:21:04,284] - [org.hibernate.validator.internal.util.Version] [<clinit>] -> (INFO) [HV000001: Hibernate Validator 6.2.5.Final] 
[2023-08-29 17:21:04,327] - [com.hcl.elch.freshersuperchargers.trainingworkflow.TrainingWorkflowApplication] [logStarting] -> (INFO) [Starting TrainingWorkflowApplication using Java 11.0.16.1 on LP-220234919 with PID 18300 (C:\Users\sandipan.dandapat\Downloads\TrainingWorkflow\target\classes started by sandipan.dandapat in C:\Users\sandipan.dandapat\Downloads\TrainingWorkflow)] 
[2023-08-29 17:21:04,332] - [com.hcl.elch.freshersuperchargers.trainingworkflow.TrainingWorkflowApplication] [logStartupProfileInfo] -> (INFO) [No active profile set, falling back to 1 default profile: "default"] 
[2023-08-29 17:21:04,383] - [org.springframework.boot.devtools.restart.ChangeableUrls] [logTo] -> (INFO) [The Class-Path manifest attribute in C:\Users\sandipan.dandapat\.m2\repository\org\glassfish\hk2\hk2\2.6.1\hk2-2.6.1.jar referenced one or more files that do not exist: file:/C:/Users/sandipan.dandapat/.m2/repository/org/glassfish/hk2/hk2/2.6.1/hk2-utils.jar,file:/C:/Users/sandipan.dandapat/.m2/repository/org/glassfish/hk2/hk2/2.6.1/jakarta.annotation-api.jar,file:/C:/Users/sandipan.dandapat/.m2/repository/org/glassfish/hk2/hk2/2.6.1/jakarta.inject.jar,file:/C:/Users/sandipan.dandapat/.m2/repository/org/glassfish/hk2/hk2/2.6.1/hk2-api.jar,file:/C:/Users/sandipan.dandapat/.m2/repository/org/glassfish/hk2/hk2/2.6.1/aopalliance-repackaged.jar,file:/C:/Users/sandipan.dandapat/.m2/repository/org/glassfish/hk2/hk2/2.6.1/hk2-core.jar,file:/C:/Users/sandipan.dandapat/.m2/repository/org/glassfish/hk2/hk2/2.6.1/hk2-locator.jar,file:/C:/Users/sandipan.dandapat/.m2/repository/org/glassfish/hk2/hk2/2.6.1/javassist.jar,file:/C:/Users/sandipan.dandapat/.m2/repository/org/glassfish/hk2/hk2/2.6.1/hk2-runlevel.jar,file:/C:/Users/sandipan.dandapat/.m2/repository/org/glassfish/hk2/hk2/2.6.1/class-model.jar,file:/C:/Users/sandipan.dandapat/.m2/repository/org/glassfish/hk2/hk2/2.6.1/asm.jar,file:/C:/Users/sandipan.dandapat/.m2/repository/org/glassfish/hk2/hk2/2.6.1/asm-analysis.jar,file:/C:/Users/sandipan.dandapat/.m2/repository/org/glassfish/hk2/hk2/2.6.1/asm-commons.jar,file:/C:/Users/sandipan.dandapat/.m2/repository/org/glassfish/hk2/hk2/2.6.1/asm-tree.jar,file:/C:/Users/sandipan.dandapat/.m2/repository/org/glassfish/hk2/hk2/2.6.1/asm-util.jar] 
[2023-08-29 17:21:04,384] - [org.springframework.boot.devtools.env.DevToolsPropertyDefaultsPostProcessor] [logTo] -> (INFO) [Devtools property defaults active! Set 'spring.devtools.add-properties' to 'false' to disable] 
[2023-08-29 17:21:04,384] - [org.springframework.boot.devtools.env.DevToolsPropertyDefaultsPostProcessor] [logTo] -> (INFO) [For additional web related logging consider setting the 'logging.level.web' property to 'DEBUG'] 
[2023-08-29 17:21:05,259] - [org.springframework.data.repository.config.RepositoryConfigurationDelegate] [registerRepositoriesIn] -> (INFO) [Bootstrapping Spring Data JPA repositories in DEFAULT mode.] 
[2023-08-29 17:21:05,379] - [org.springframework.data.repository.config.RepositoryConfigurationDelegate] [registerRepositoriesIn] -> (INFO) [Finished Spring Data repository scanning in 110 ms. Found 9 JPA repository interfaces.] 
[2023-08-29 17:21:06,253] - [org.springframework.boot.web.embedded.tomcat.TomcatWebServer] [initialize] -> (INFO) [Tomcat initialized with port(s): 9002 (http)] 
[2023-08-29 17:21:06,266] - [org.apache.coyote.http11.Http11NioProtocol] [log] -> (INFO) [Initializing ProtocolHandler ["http-nio-9002"]] 
[2023-08-29 17:21:06,267] - [org.apache.catalina.core.StandardService] [log] -> (INFO) [Starting service [Tomcat]] 
[2023-08-29 17:21:06,267] - [org.apache.catalina.core.StandardEngine] [log] -> (INFO) [Starting Servlet engine: [Apache Tomcat/9.0.65]] 
[2023-08-29 17:21:06,772] - [org.apache.catalina.core.ContainerBase.[Tomcat].[localhost].[/]] [log] -> (INFO) [Initializing Spring embedded WebApplicationContext] 
[2023-08-29 17:21:06,772] - [org.springframework.boot.web.servlet.context.ServletWebServerApplicationContext] [prepareWebApplicationContext] -> (INFO) [Root WebApplicationContext: initialization completed in 2387 ms] 
[2023-08-29 17:21:06,802] - [org.camunda.bpm.spring.boot.starter.rest.CamundaJerseyResourceConfig] [registerCamundaRestResources] -> (INFO) [Configuring camunda rest api.] 
[2023-08-29 17:21:06,823] - [org.camunda.bpm.spring.boot.starter.rest.CamundaJerseyResourceConfig] [registerCamundaRestResources] -> (INFO) [Finished configuring camunda rest api.] 
[2023-08-29 17:21:07,183] - [org.hibernate.jpa.internal.util.LogHelper] [logPersistenceUnitInformation] -> (INFO) [HHH000204: Processing PersistenceUnitInfo [name: default]] 
[2023-08-29 17:21:07,263] - [org.hibernate.Version] [logVersion] -> (INFO) [HHH000412: Hibernate ORM core version 5.6.11.Final] 
[2023-08-29 17:21:07,480] - [org.hibernate.annotations.common.Version] [<clinit>] -> (INFO) [HCANN000001: Hibernate Commons Annotations {5.1.2.Final}] 
[2023-08-29 17:21:07,602] - [com.zaxxer.hikari.HikariDataSource] [getConnection] -> (INFO) [HikariPool-1 - Starting...] 
[2023-08-29 17:21:12,437] - [com.zaxxer.hikari.HikariDataSource] [getConnection] -> (INFO) [HikariPool-1 - Start completed.] 
[2023-08-29 17:21:12,503] - [org.hibernate.dialect.Dialect] [<init>] -> (INFO) [HHH000400: Using dialect: org.hibernate.dialect.MySQL5InnoDBDialect] 
[2023-08-29 17:21:23,320] - [org.hibernate.engine.transaction.jta.platform.internal.JtaPlatformInitiator] [initiateService] -> (INFO) [HHH000490: Using JtaPlatform implementation: [org.hibernate.engine.transaction.jta.platform.internal.NoJtaPlatform]] 
[2023-08-29 17:21:23,342] - [org.springframework.orm.jpa.LocalContainerEntityManagerFactoryBean] [buildNativeEntityManagerFactory] -> (INFO) [Initialized JPA EntityManagerFactory for persistence unit 'default'] 
[2023-08-29 17:21:24,069] - [org.camunda.bpm.spring.boot] [logInfo] -> (INFO) [STARTER-SB040 Setting up jobExecutor with corePoolSize=3, maxPoolSize:10] 
[2023-08-29 17:21:24,163] - [org.camunda.bpm.engine.cfg] [logInfo] -> (INFO) [ENGINE-12003 Plugin 'CompositeProcessEnginePlugin[genericPropertiesConfiguration, camundaProcessEngineConfiguration, camundaDatasourceConfiguration, camundaJpaConfiguration, camundaJobConfiguration, camundaHistoryConfiguration, camundaMetricsConfiguration, camundaAuthorizationConfiguration, CreateAdminUserConfiguration[adminUser=AdminUserProperty[id=Test, firstName=Test, lastName=Test, email=Test@localhost, password=******]], failedJobConfiguration, disableDeploymentResourcePattern, eventPublisherPlugin, ApplicationContextClassloaderSwitchPlugin, SpringBootSpinProcessEnginePlugin]' activated on process engine 'default'] 
[2023-08-29 17:21:24,168] - [org.camunda.bpm.spring.boot] [logInfo] -> (INFO) [STARTER-SB020 ProcessApplication enabled: autoDeployment via springConfiguration#deploymentResourcePattern is disabled] 
[2023-08-29 17:21:24,169] - [org.camunda.bpm.spring.boot.starter.event.EventPublisherPlugin] [preInit] -> (INFO) [EVENTING-001: Initialized Camunda Spring Boot Eventing Engine Plugin.] 
[2023-08-29 17:21:24,169] - [org.camunda.bpm.spring.boot.starter.event.EventPublisherPlugin] [preInit] -> (INFO) [EVENTING-003: Task events will be published as Spring Events.] 
[2023-08-29 17:21:24,170] - [org.camunda.bpm.spring.boot.starter.event.EventPublisherPlugin] [preInit] -> (INFO) [EVENTING-005: Execution events will be published as Spring Events.] 
[2023-08-29 17:21:24,172] - [org.camunda.bpm.spring.boot.starter.event.EventPublisherPlugin] [preInit] -> (INFO) [EVENTING-007: History events will be published as Spring events.] 
[2023-08-29 17:21:24,178] - [org.camunda.spin] [logInfo] -> (INFO) [SPIN-01010 Discovered Spin data format provider: org.camunda.spin.impl.json.jackson.format.JacksonJsonDataFormatProvider[name = application/json]] 
[2023-08-29 17:21:24,452] - [org.camunda.spin] [logInfo] -> (INFO) [SPIN-01010 Discovered Spin data format provider: org.camunda.spin.impl.xml.dom.format.DomXmlDataFormatProvider[name = application/xml]] 
[2023-08-29 17:21:24,571] - [org.camunda.spin] [logInfo] -> (INFO) [SPIN-01009 Discovered Spin data format: org.camunda.spin.impl.xml.dom.format.DomXmlDataFormat[name = application/xml]] 
[2023-08-29 17:21:24,571] - [org.camunda.spin] [logInfo] -> (INFO) [SPIN-01009 Discovered Spin data format: org.camunda.spin.impl.json.jackson.format.JacksonJsonDataFormat[name = application/json]] 
[2023-08-29 17:21:24,812] - [org.camunda.bpm.dmn.feel.scala] [logInfo] -> (INFO) [FEEL/SCALA-01001 Spin value mapper detected] 
[2023-08-29 17:21:24,897] - [org.camunda.feel.FeelEngine] [<init>] -> (INFO) [Engine created. [value-mapper: CompositeValueMapper(List(org.camunda.feel.impl.JavaValueMapper@2bd65239, org.camunda.spin.plugin.impl.feel.integration.SpinValueMapper@2bcc6f63)), function-provider: org.camunda.bpm.dmn.feel.impl.scala.function.CustomFunctionTransformer@122adaea, clock: SystemClock, configuration: Configuration(false)]] 
[2023-08-29 17:21:28,808] - [org.camunda.bpm.connect] [logInfo] -> (INFO) [CNCT-01004 Discovered provider for connector id 'http-connector' and class 'org.camunda.connect.httpclient.impl.HttpConnectorImpl': 'org.camunda.connect.httpclient.impl.HttpConnectorProviderImpl'] 
[2023-08-29 17:21:28,811] - [org.camunda.bpm.connect] [logInfo] -> (INFO) [CNCT-01004 Discovered provider for connector id 'soap-http-connector' and class 'org.camunda.connect.httpclient.soap.impl.SoapHttpConnectorImpl': 'org.camunda.connect.httpclient.soap.impl.SoapHttpConnectorProviderImpl'] 
[2023-08-29 17:21:39,776] - [org.camunda.bpm.engine] [logInfo] -> (INFO) [ENGINE-00001 Process Engine default created.] 
[2023-08-29 17:21:42,339] - [org.camunda.bpm.spring.boot] [logInfo] -> (INFO) [STARTER-SB011 Skip creating initial Admin User, user does exist: UserEntity[id=Test, revision=1, firstName=Test, lastName=Test, email=Test@localhost, password={SHA-512}Le2t8lX7wZijh42qvc6kypdwJopW4Sw4d2M0+iWrQc2ILQylT8c0wIuuWJqrbo6BaQMkZlC0WWpLMlGn3lb15A==, salt=vCyLKArT0xroGobbnLsA+g==, lockExpirationTime=null, attempts=0]] 
[2023-08-29 17:21:42,686] - [org.drools.compiler.kie.builder.impl.KieBuilderImpl] [packageNameForFile] -> (WARN) [File 'rules/tasks.drl' is in folder 'rules' but declares package 'com.foobat'. It is advised to have a correspondance between package and folder names.] 
[2023-08-29 17:21:43,329] - [org.springframework.boot.autoconfigure.orm.jpa.JpaBaseConfiguration$JpaWebConfiguration] [openEntityManagerInViewInterceptor] -> (WARN) [spring.jpa.open-in-view is enabled by default. Therefore, database queries may be performed during view rendering. Explicitly configure spring.jpa.open-in-view to disable this warning] 
[2023-08-29 17:21:43,631] - [org.camunda.bpm.spring.boot.starter.webapp.filter.LazyInitRegistration] [lazyInit] -> (INFO) [lazy initialized org.camunda.bpm.spring.boot.starter.webapp.filter.LazyProcessEnginesFilter@397298e3] 
[2023-08-29 17:21:43,704] - [org.camunda.bpm.spring.boot.starter.webapp.filter.LazyInitRegistration] [lazyInit] -> (INFO) [lazy initialized org.camunda.bpm.spring.boot.starter.webapp.filter.LazySecurityFilter@526f72ca] 
[2023-08-29 17:21:43,926] - [org.springframework.boot.devtools.autoconfigure.OptionalLiveReloadServer] [startServer] -> (INFO) [LiveReload server is running on port 35729] 
[2023-08-29 17:21:43,958] - [org.apache.coyote.http11.Http11NioProtocol] [log] -> (INFO) [Starting ProtocolHandler ["http-nio-9002"]] 
[2023-08-29 17:21:44,001] - [org.springframework.boot.web.embedded.tomcat.TomcatWebServer] [start] -> (INFO) [Tomcat started on port(s): 9002 (http) with context path ''] 
[2023-08-29 17:21:44,026] - [org.camunda.bpm.container] [logInfo] -> (INFO) [ENGINE-08024 Found processes.xml file at file:/C:/Users/sandipan.dandapat/Downloads/TrainingWorkflow/target/classes/META-INF/processes.xml] 
[2023-08-29 17:21:44,137] - [org.camunda.bpm.container] [logInfo] -> (INFO) [ENGINE-08023 Deployment summary for process archive 'trainingWorkflowApplication': 

        userform.form
        training-workflow.bpmn
        userformPOC.form
] 
[2023-08-29 17:21:47,927] - [org.camunda.bpm.application] [logInfo] -> (INFO) [ENGINE-07021 ProcessApplication 'trainingWorkflowApplication' registered for DB deployments [244855b1-4047-11ee-a632-085bd6a1e528]. Will execute process definitions 

        Decision[version: 1, id: Decision:1:24962795-4047-11ee-a632-085bd6a1e528]
Deployment does not provide any case definitions.] 
[2023-08-29 17:21:48,522] - [org.camunda.bpm.container] [logInfo] -> (INFO) [ENGINE-08050 Process application trainingWorkflowApplication successfully deployed] 
[2023-08-29 17:21:48,528] - [com.hcl.elch.freshersuperchargers.trainingworkflow.TrainingWorkflowApplication] [logStarted] -> (INFO) [Started TrainingWorkflowApplication in 44.569 seconds (JVM running for 47.288)] 
[2023-08-29 17:21:48,534] - [org.camunda.bpm.engine.jobexecutor] [logInfo] -> (INFO) [ENGINE-14014 Starting up the JobExecutor[org.camunda.bpm.engine.spring.components.jobexecutor.SpringJobExecutor].] 
[2023-08-29 17:21:48,537] - [org.camunda.bpm.engine.jobexecutor] [logInfo] -> (INFO) [ENGINE-14018 JobExecutor[org.camunda.bpm.engine.spring.components.jobexecutor.SpringJobExecutor] starting to acquire jobs] 
[2023-08-29 21:21:36,904] - [com.zaxxer.hikari.pool.PoolBase] [isConnectionAlive] -> (WARN) [HikariPool-1 - Failed to validate connection com.mysql.cj.jdbc.ConnectionImpl@7595c669 (No operations allowed after connection closed.). Possibly consider using a shorter maxLifetime value.] 
[2023-08-29 21:21:36,938] - [com.zaxxer.hikari.pool.PoolBase] [isConnectionAlive] -> (WARN) [HikariPool-1 - Failed to validate connection com.mysql.cj.jdbc.ConnectionImpl@58cb6682 (No operations allowed after connection closed.). Possibly consider using a shorter maxLifetime value.] 
[2023-08-29 21:21:36,941] - [com.zaxxer.hikari.pool.PoolBase] [isConnectionAlive] -> (WARN) [HikariPool-1 - Failed to validate connection com.mysql.cj.jdbc.ConnectionImpl@3b6557c (No operations allowed after connection closed.). Possibly consider using a shorter maxLifetime value.] 
[2023-08-29 21:21:36,943] - [com.zaxxer.hikari.pool.PoolBase] [isConnectionAlive] -> (WARN) [HikariPool-1 - Failed to validate connection com.mysql.cj.jdbc.ConnectionImpl@4ed3b34d (No operations allowed after connection closed.). Possibly consider using a shorter maxLifetime value.] 
[2023-08-29 21:21:36,945] - [com.zaxxer.hikari.pool.PoolBase] [isConnectionAlive] -> (WARN) [HikariPool-1 - Failed to validate connection com.mysql.cj.jdbc.ConnectionImpl@2820c566 (No operations allowed after connection closed.). Possibly consider using a shorter maxLifetime value.] 
[2023-08-29 21:21:36,947] - [com.zaxxer.hikari.pool.PoolBase] [isConnectionAlive] -> (WARN) [HikariPool-1 - Failed to validate connection com.mysql.cj.jdbc.ConnectionImpl@2b5c4996 (No operations allowed after connection closed.). Possibly consider using a shorter maxLifetime value.] 
[2023-08-29 21:21:36,949] - [com.zaxxer.hikari.pool.PoolBase] [isConnectionAlive] -> (WARN) [HikariPool-1 - Failed to validate connection com.mysql.cj.jdbc.ConnectionImpl@1af0f434 (No operations allowed after connection closed.). Possibly consider using a shorter maxLifetime value.] 
[2023-08-29 21:21:36,950] - [com.zaxxer.hikari.pool.PoolBase] [isConnectionAlive] -> (WARN) [HikariPool-1 - Failed to validate connection com.mysql.cj.jdbc.ConnectionImpl@49ea65fc (No operations allowed after connection closed.). Possibly consider using a shorter maxLifetime value.] 
[2023-08-29 21:21:36,952] - [com.zaxxer.hikari.pool.PoolBase] [isConnectionAlive] -> (WARN) [HikariPool-1 - Failed to validate connection com.mysql.cj.jdbc.ConnectionImpl@67cf9252 (No operations allowed after connection closed.). Possibly consider using a shorter maxLifetime value.] 
[2023-08-29 21:21:36,955] - [com.zaxxer.hikari.pool.PoolBase] [isConnectionAlive] -> (WARN) [HikariPool-1 - Failed to validate connection com.mysql.cj.jdbc.ConnectionImpl@2e9677c4 (No operations allowed after connection closed.). Possibly consider using a shorter maxLifetime value.] 
[2023-08-29 21:21:45,902] - [com.zaxxer.hikari.pool.HikariPool] [run] -> (WARN) [HikariPool-1 - Thread starvation or clock leap detected (housekeeper delta=3h58m3s334ms613µs300ns).] 
[2023-08-29 21:34:47,025] - [com.zaxxer.hikari.pool.PoolBase] [isConnectionAlive] -> (WARN) [HikariPool-1 - Failed to validate connection com.mysql.cj.jdbc.ConnectionImpl@1010d989 (No operations allowed after connection closed.). Possibly consider using a shorter maxLifetime value.] 
