[2023-09-02 10:33:50,003] - [org.hibernate.validator.internal.util.Version] [<clinit>] -> (INFO) [HV000001: Hibernate Validator 6.2.5.Final] 
[2023-09-02 10:33:50,066] - [com.hcl.elch.freshersuperchargers.trainingworkflow.TrainingWorkflowApplication] [logStarting] -> (INFO) [Starting TrainingWorkflowApplication using Java 17.0.4.1 on LP-220234919 with PID 11844 (C:\Users\sandipan.dandapat\Downloads\TrainingWorkflow\target\classes started by sandipan.dandapat in C:\Users\sandipan.dandapat\Downloads\TrainingWorkflow)] 
[2023-09-02 10:33:50,072] - [com.hcl.elch.freshersuperchargers.trainingworkflow.TrainingWorkflowApplication] [logStartupProfileInfo] -> (INFO) [No active profile set, falling back to 1 default profile: "default"] 
[2023-09-02 10:33:50,147] - [org.springframework.boot.devtools.restart.ChangeableUrls] [logTo] -> (INFO) [The Class-Path manifest attribute in C:\Users\sandipan.dandapat\.m2\repository\org\glassfish\hk2\hk2\2.6.1\hk2-2.6.1.jar referenced one or more files that do not exist: file:/C:/Users/sandipan.dandapat/.m2/repository/org/glassfish/hk2/hk2/2.6.1/hk2-utils.jar,file:/C:/Users/sandipan.dandapat/.m2/repository/org/glassfish/hk2/hk2/2.6.1/jakarta.annotation-api.jar,file:/C:/Users/sandipan.dandapat/.m2/repository/org/glassfish/hk2/hk2/2.6.1/jakarta.inject.jar,file:/C:/Users/sandipan.dandapat/.m2/repository/org/glassfish/hk2/hk2/2.6.1/hk2-api.jar,file:/C:/Users/sandipan.dandapat/.m2/repository/org/glassfish/hk2/hk2/2.6.1/aopalliance-repackaged.jar,file:/C:/Users/sandipan.dandapat/.m2/repository/org/glassfish/hk2/hk2/2.6.1/hk2-core.jar,file:/C:/Users/sandipan.dandapat/.m2/repository/org/glassfish/hk2/hk2/2.6.1/hk2-locator.jar,file:/C:/Users/sandipan.dandapat/.m2/repository/org/glassfish/hk2/hk2/2.6.1/javassist.jar,file:/C:/Users/sandipan.dandapat/.m2/repository/org/glassfish/hk2/hk2/2.6.1/hk2-runlevel.jar,file:/C:/Users/sandipan.dandapat/.m2/repository/org/glassfish/hk2/hk2/2.6.1/class-model.jar,file:/C:/Users/sandipan.dandapat/.m2/repository/org/glassfish/hk2/hk2/2.6.1/asm.jar,file:/C:/Users/sandipan.dandapat/.m2/repository/org/glassfish/hk2/hk2/2.6.1/asm-analysis.jar,file:/C:/Users/sandipan.dandapat/.m2/repository/org/glassfish/hk2/hk2/2.6.1/asm-commons.jar,file:/C:/Users/sandipan.dandapat/.m2/repository/org/glassfish/hk2/hk2/2.6.1/asm-tree.jar,file:/C:/Users/sandipan.dandapat/.m2/repository/org/glassfish/hk2/hk2/2.6.1/asm-util.jar] 
[2023-09-02 10:33:50,149] - [org.springframework.boot.devtools.env.DevToolsPropertyDefaultsPostProcessor] [logTo] -> (INFO) [Devtools property defaults active! Set 'spring.devtools.add-properties' to 'false' to disable] 
[2023-09-02 10:33:50,149] - [org.springframework.boot.devtools.env.DevToolsPropertyDefaultsPostProcessor] [logTo] -> (INFO) [For additional web related logging consider setting the 'logging.level.web' property to 'DEBUG'] 
[2023-09-02 10:33:51,326] - [org.springframework.data.repository.config.RepositoryConfigurationDelegate] [registerRepositoriesIn] -> (INFO) [Bootstrapping Spring Data JPA repositories in DEFAULT mode.] 
[2023-09-02 10:33:51,440] - [org.springframework.data.repository.config.RepositoryConfigurationDelegate] [registerRepositoriesIn] -> (INFO) [Finished Spring Data repository scanning in 104 ms. Found 9 JPA repository interfaces.] 
[2023-09-02 10:33:52,415] - [org.springframework.boot.web.embedded.tomcat.TomcatWebServer] [initialize] -> (INFO) [Tomcat initialized with port(s): 9002 (http)] 
[2023-09-02 10:33:52,427] - [org.apache.coyote.http11.Http11NioProtocol] [log] -> (INFO) [Initializing ProtocolHandler ["http-nio-9002"]] 
[2023-09-02 10:33:52,428] - [org.apache.catalina.core.StandardService] [log] -> (INFO) [Starting service [Tomcat]] 
[2023-09-02 10:33:52,428] - [org.apache.catalina.core.StandardEngine] [log] -> (INFO) [Starting Servlet engine: [Apache Tomcat/9.0.65]] 
[2023-09-02 10:33:53,258] - [org.apache.catalina.core.ContainerBase.[Tomcat].[localhost].[/]] [log] -> (INFO) [Initializing Spring embedded WebApplicationContext] 
[2023-09-02 10:33:53,258] - [org.springframework.boot.web.servlet.context.ServletWebServerApplicationContext] [prepareWebApplicationContext] -> (INFO) [Root WebApplicationContext: initialization completed in 3109 ms] 
[2023-09-02 10:33:53,297] - [org.camunda.bpm.spring.boot.starter.rest.CamundaJerseyResourceConfig] [registerCamundaRestResources] -> (INFO) [Configuring camunda rest api.] 
[2023-09-02 10:33:53,329] - [org.camunda.bpm.spring.boot.starter.rest.CamundaJerseyResourceConfig] [registerCamundaRestResources] -> (INFO) [Finished configuring camunda rest api.] 
[2023-09-02 10:33:53,730] - [org.hibernate.jpa.internal.util.LogHelper] [logPersistenceUnitInformation] -> (INFO) [HHH000204: Processing PersistenceUnitInfo [name: default]] 
[2023-09-02 10:33:53,821] - [org.hibernate.Version] [logVersion] -> (INFO) [HHH000412: Hibernate ORM core version 5.6.11.Final] 
[2023-09-02 10:33:54,017] - [org.hibernate.annotations.common.Version] [<clinit>] -> (INFO) [HCANN000001: Hibernate Commons Annotations {5.1.2.Final}] 
[2023-09-02 10:33:54,138] - [com.zaxxer.hikari.HikariDataSource] [getConnection] -> (INFO) [HikariPool-1 - Starting...] 
[2023-09-02 10:34:08,008] - [com.zaxxer.hikari.HikariDataSource] [getConnection] -> (INFO) [HikariPool-1 - Start completed.] 
[2023-09-02 10:34:08,067] - [org.hibernate.dialect.Dialect] [<init>] -> (INFO) [HHH000400: Using dialect: org.hibernate.dialect.MySQL5InnoDBDialect] 
[2023-09-02 10:34:15,380] - [org.hibernate.engine.transaction.jta.platform.internal.JtaPlatformInitiator] [initiateService] -> (INFO) [HHH000490: Using JtaPlatform implementation: [org.hibernate.engine.transaction.jta.platform.internal.NoJtaPlatform]] 
[2023-09-02 10:34:15,405] - [org.springframework.orm.jpa.LocalContainerEntityManagerFactoryBean] [buildNativeEntityManagerFactory] -> (INFO) [Initialized JPA EntityManagerFactory for persistence unit 'default'] 
[2023-09-02 10:34:16,535] - [org.camunda.bpm.spring.boot] [logInfo] -> (INFO) [STARTER-SB040 Setting up jobExecutor with corePoolSize=3, maxPoolSize:10] 
[2023-09-02 10:34:16,812] - [org.camunda.bpm.engine.cfg] [logInfo] -> (INFO) [ENGINE-12003 Plugin 'CompositeProcessEnginePlugin[genericPropertiesConfiguration, camundaProcessEngineConfiguration, camundaDatasourceConfiguration, camundaJpaConfiguration, camundaJobConfiguration, camundaHistoryConfiguration, camundaMetricsConfiguration, camundaAuthorizationConfiguration, CreateAdminUserConfiguration[adminUser=AdminUserProperty[id=Test, firstName=Test, lastName=Test, email=Test@localhost, password=******]], failedJobConfiguration, disableDeploymentResourcePattern, eventPublisherPlugin, ApplicationContextClassloaderSwitchPlugin, SpringBootSpinProcessEnginePlugin]' activated on process engine 'default'] 
[2023-09-02 10:34:16,825] - [org.camunda.bpm.spring.boot] [logInfo] -> (INFO) [STARTER-SB020 ProcessApplication enabled: autoDeployment via springConfiguration#deploymentResourcePattern is disabled] 
[2023-09-02 10:34:16,827] - [org.camunda.bpm.spring.boot.starter.event.EventPublisherPlugin] [preInit] -> (INFO) [EVENTING-001: Initialized Camunda Spring Boot Eventing Engine Plugin.] 
[2023-09-02 10:34:16,827] - [org.camunda.bpm.spring.boot.starter.event.EventPublisherPlugin] [preInit] -> (INFO) [EVENTING-003: Task events will be published as Spring Events.] 
[2023-09-02 10:34:16,827] - [org.camunda.bpm.spring.boot.starter.event.EventPublisherPlugin] [preInit] -> (INFO) [EVENTING-005: Execution events will be published as Spring Events.] 
[2023-09-02 10:34:16,831] - [org.camunda.bpm.spring.boot.starter.event.EventPublisherPlugin] [preInit] -> (INFO) [EVENTING-007: History events will be published as Spring events.] 
[2023-09-02 10:34:16,844] - [org.camunda.spin] [logInfo] -> (INFO) [SPIN-01010 Discovered Spin data format provider: org.camunda.spin.impl.json.jackson.format.JacksonJsonDataFormatProvider[name = application/json]] 
[2023-09-02 10:34:17,374] - [org.camunda.spin] [logInfo] -> (INFO) [SPIN-01010 Discovered Spin data format provider: org.camunda.spin.impl.xml.dom.format.DomXmlDataFormatProvider[name = application/xml]] 
[2023-09-02 10:34:17,575] - [org.camunda.spin] [logInfo] -> (INFO) [SPIN-01009 Discovered Spin data format: org.camunda.spin.impl.xml.dom.format.DomXmlDataFormat[name = application/xml]] 
[2023-09-02 10:34:17,576] - [org.camunda.spin] [logInfo] -> (INFO) [SPIN-01009 Discovered Spin data format: org.camunda.spin.impl.json.jackson.format.JacksonJsonDataFormat[name = application/json]] 
[2023-09-02 10:34:18,178] - [org.camunda.bpm.dmn.feel.scala] [logInfo] -> (INFO) [FEEL/SCALA-01001 Spin value mapper detected] 
[2023-09-02 10:34:18,363] - [org.camunda.feel.FeelEngine] [<init>] -> (INFO) [Engine created. [value-mapper: CompositeValueMapper(List(org.camunda.feel.impl.JavaValueMapper@11aed0a0, org.camunda.spin.plugin.impl.feel.integration.SpinValueMapper@3c3122c6)), function-provider: org.camunda.bpm.dmn.feel.impl.scala.function.CustomFunctionTransformer@431c4004, clock: SystemClock, configuration: Configuration(false)]] 
[2023-09-02 10:34:31,365] - [org.camunda.bpm.connect] [logInfo] -> (INFO) [CNCT-01004 Discovered provider for connector id 'http-connector' and class 'org.camunda.connect.httpclient.impl.HttpConnectorImpl': 'org.camunda.connect.httpclient.impl.HttpConnectorProviderImpl'] 
[2023-09-02 10:34:31,372] - [org.camunda.bpm.connect] [logInfo] -> (INFO) [CNCT-01004 Discovered provider for connector id 'soap-http-connector' and class 'org.camunda.connect.httpclient.soap.impl.SoapHttpConnectorImpl': 'org.camunda.connect.httpclient.soap.impl.SoapHttpConnectorProviderImpl'] 
[2023-09-02 10:34:40,055] - [org.camunda.bpm.engine] [logInfo] -> (INFO) [ENGINE-00001 Process Engine default created.] 
[2023-09-02 10:34:42,085] - [org.camunda.bpm.spring.boot] [logInfo] -> (INFO) [STARTER-SB011 Skip creating initial Admin User, user does exist: UserEntity[id=Test, revision=1, firstName=Test, lastName=Test, email=Test@localhost, password={SHA-512}Le2t8lX7wZijh42qvc6kypdwJopW4Sw4d2M0+iWrQc2ILQylT8c0wIuuWJqrbo6BaQMkZlC0WWpLMlGn3lb15A==, salt=vCyLKArT0xroGobbnLsA+g==, lockExpirationTime=null, attempts=0]] 
[2023-09-02 10:34:42,899] - [org.drools.compiler.kie.builder.impl.KieBuilderImpl] [packageNameForFile] -> (WARN) [File 'rules/tasks.drl' is in folder 'rules' but declares package 'com.foobat'. It is advised to have a correspondance between package and folder names.] 
[2023-09-02 10:34:44,984] - [org.springframework.boot.autoconfigure.orm.jpa.JpaBaseConfiguration$JpaWebConfiguration] [openEntityManagerInViewInterceptor] -> (WARN) [spring.jpa.open-in-view is enabled by default. Therefore, database queries may be performed during view rendering. Explicitly configure spring.jpa.open-in-view to disable this warning] 
[2023-09-02 10:34:45,746] - [org.camunda.bpm.spring.boot.starter.webapp.filter.LazyInitRegistration] [lazyInit] -> (INFO) [lazy initialized org.camunda.bpm.spring.boot.starter.webapp.filter.LazyProcessEnginesFilter@156d9d28] 
[2023-09-02 10:34:45,925] - [org.camunda.bpm.spring.boot.starter.webapp.filter.LazyInitRegistration] [lazyInit] -> (INFO) [lazy initialized org.camunda.bpm.spring.boot.starter.webapp.filter.LazySecurityFilter@5d9a714d] 
[2023-09-02 10:34:46,584] - [org.springframework.boot.devtools.autoconfigure.OptionalLiveReloadServer] [startServer] -> (INFO) [LiveReload server is running on port 35729] 
[2023-09-02 10:34:46,665] - [org.apache.coyote.http11.Http11NioProtocol] [log] -> (INFO) [Starting ProtocolHandler ["http-nio-9002"]] 
[2023-09-02 10:34:46,764] - [org.springframework.boot.web.embedded.tomcat.TomcatWebServer] [start] -> (INFO) [Tomcat started on port(s): 9002 (http) with context path ''] 
[2023-09-02 10:34:46,828] - [org.camunda.bpm.container] [logInfo] -> (INFO) [ENGINE-08024 Found processes.xml file at file:/C:/Users/sandipan.dandapat/Downloads/TrainingWorkflow/target/classes/META-INF/processes.xml] 
[2023-09-02 10:34:47,029] - [org.camunda.bpm.container] [logInfo] -> (INFO) [ENGINE-08023 Deployment summary for process archive 'trainingWorkflowApplication': 

        userform.form
        training-workflow.bpmn
        userformPOC.form
] 
[2023-09-02 10:34:51,012] - [org.camunda.bpm.application] [logInfo] -> (INFO) [ENGINE-07021 ProcessApplication 'trainingWorkflowApplication' registered for DB deployments [244855b1-4047-11ee-a632-085bd6a1e528, 7a6aac2d-480d-11ee-bfd7-1244bd7b236f]. Will execute process definitions 

        Decision[version: 1, id: Decision:1:24962795-4047-11ee-a632-085bd6a1e528]
        Decision[version: 2, id: Decision:2:7a9369e1-480d-11ee-bfd7-1244bd7b236f]
Deployment does not provide any case definitions.] 
[2023-09-02 10:34:51,629] - [org.camunda.bpm.container] [logInfo] -> (INFO) [ENGINE-08050 Process application trainingWorkflowApplication successfully deployed] 
[2023-09-02 10:34:51,633] - [com.hcl.elch.freshersuperchargers.trainingworkflow.TrainingWorkflowApplication] [logStarted] -> (INFO) [Started TrainingWorkflowApplication in 61.975 seconds (JVM running for 64.897)] 
[2023-09-02 10:34:51,637] - [org.camunda.bpm.engine.jobexecutor] [logInfo] -> (INFO) [ENGINE-14014 Starting up the JobExecutor[org.camunda.bpm.engine.spring.components.jobexecutor.SpringJobExecutor].] 
[2023-09-02 10:34:51,641] - [org.camunda.bpm.engine.jobexecutor] [logInfo] -> (INFO) [ENGINE-14018 JobExecutor[org.camunda.bpm.engine.spring.components.jobexecutor.SpringJobExecutor] starting to acquire jobs] 
[2023-09-02 10:35:02,786] - [org.apache.catalina.core.ContainerBase.[Tomcat].[localhost].[/]] [log] -> (INFO) [Initializing Spring DispatcherServlet 'dispatcherServlet'] 
[2023-09-02 10:35:02,786] - [org.springframework.web.servlet.DispatcherServlet] [initServletBean] -> (INFO) [Initializing Servlet 'dispatcherServlet'] 
[2023-09-02 10:35:02,789] - [org.springframework.web.servlet.DispatcherServlet] [initServletBean] -> (INFO) [Completed initialization in 2 ms] 
[2023-09-02 10:35:03,750] - [org.apache.catalina.core.ContainerBase.[Tomcat].[localhost].[/].[dispatcherServlet]] [log] -> (ERROR) [Servlet.service() for servlet [dispatcherServlet] in context with path [] threw exception [Request processing failed; nested exception is java.lang.IndexOutOfBoundsException: Index 2 out of bounds for length 2] with root cause] 
java.lang.IndexOutOfBoundsException: Index 2 out of bounds for length 2
	at jdk.internal.util.Preconditions.outOfBounds(Preconditions.java:64) ~[?:?]
	at jdk.internal.util.Preconditions.outOfBoundsCheckIndex(Preconditions.java:70) ~[?:?]
	at jdk.internal.util.Preconditions.checkIndex(Preconditions.java:266) ~[?:?]
	at java.util.Objects.checkIndex(Objects.java:359) ~[?:?]
	at java.util.ArrayList.get(ArrayList.java:427) ~[?:?]
	at com.hcl.elch.freshersuperchargers.trainingworkflow.controller.UserToModuleController.addNameToPosition(UserToModuleController.java:80) ~[classes/:?]
	at jdk.internal.reflect.NativeMethodAccessorImpl.invoke0(Native Method) ~[?:?]
	at jdk.internal.reflect.NativeMethodAccessorImpl.invoke(NativeMethodAccessorImpl.java:77) ~[?:?]
	at jdk.internal.reflect.DelegatingMethodAccessorImpl.invoke(DelegatingMethodAccessorImpl.java:43) ~[?:?]
	at java.lang.reflect.Method.invoke(Method.java:568) ~[?:?]
	at org.springframework.web.method.support.InvocableHandlerMethod.doInvoke(InvocableHandlerMethod.java:205) ~[spring-web-5.3.22.jar:5.3.22]
	at org.springframework.web.method.support.InvocableHandlerMethod.invokeForRequest(InvocableHandlerMethod.java:150) ~[spring-web-5.3.22.jar:5.3.22]
	at org.springframework.web.servlet.mvc.method.annotation.ServletInvocableHandlerMethod.invokeAndHandle(ServletInvocableHandlerMethod.java:117) ~[spring-webmvc-5.3.22.jar:5.3.22]
	at org.springframework.web.servlet.mvc.method.annotation.RequestMappingHandlerAdapter.invokeHandlerMethod(RequestMappingHandlerAdapter.java:895) ~[spring-webmvc-5.3.22.jar:5.3.22]
	at org.springframework.web.servlet.mvc.method.annotation.RequestMappingHandlerAdapter.handleInternal(RequestMappingHandlerAdapter.java:808) ~[spring-webmvc-5.3.22.jar:5.3.22]
	at org.springframework.web.servlet.mvc.method.AbstractHandlerMethodAdapter.handle(AbstractHandlerMethodAdapter.java:87) ~[spring-webmvc-5.3.22.jar:5.3.22]
	at org.springframework.web.servlet.DispatcherServlet.doDispatch(DispatcherServlet.java:1070) ~[spring-webmvc-5.3.22.jar:5.3.22]
	at org.springframework.web.servlet.DispatcherServlet.doService(DispatcherServlet.java:963) ~[spring-webmvc-5.3.22.jar:5.3.22]
	at org.springframework.web.servlet.FrameworkServlet.processRequest(FrameworkServlet.java:1006) ~[spring-webmvc-5.3.22.jar:5.3.22]
	at org.springframework.web.servlet.FrameworkServlet.doPost(FrameworkServlet.java:909) ~[spring-webmvc-5.3.22.jar:5.3.22]
	at javax.servlet.http.HttpServlet.service(HttpServlet.java:665) ~[javax.servlet-api-4.0.1.jar:4.0.1]
	at org.springframework.web.servlet.FrameworkServlet.service(FrameworkServlet.java:883) ~[spring-webmvc-5.3.22.jar:5.3.22]
	at javax.servlet.http.HttpServlet.service(HttpServlet.java:750) ~[javax.servlet-api-4.0.1.jar:4.0.1]
	at org.apache.catalina.core.ApplicationFilterChain.internalDoFilter(ApplicationFilterChain.java:227) ~[tomcat-embed-core-9.0.65.jar:9.0.65]
	at org.apache.catalina.core.ApplicationFilterChain.doFilter(ApplicationFilterChain.java:162) ~[tomcat-embed-core-9.0.65.jar:9.0.65]
	at org.apache.tomcat.websocket.server.WsFilter.doFilter(WsFilter.java:53) ~[tomcat-embed-websocket-9.0.65.jar:9.0.65]
	at org.apache.catalina.core.ApplicationFilterChain.internalDoFilter(ApplicationFilterChain.java:189) ~[tomcat-embed-core-9.0.65.jar:9.0.65]
	at org.apache.catalina.core.ApplicationFilterChain.doFilter(ApplicationFilterChain.java:162) ~[tomcat-embed-core-9.0.65.jar:9.0.65]
	at org.springframework.web.filter.RequestContextFilter.doFilterInternal(RequestContextFilter.java:100) ~[spring-web-5.3.22.jar:5.3.22]
	at org.springframework.web.filter.OncePerRequestFilter.doFilter(OncePerRequestFilter.java:117) ~[spring-web-5.3.22.jar:5.3.22]
	at org.apache.catalina.core.ApplicationFilterChain.internalDoFilter(ApplicationFilterChain.java:189) ~[tomcat-embed-core-9.0.65.jar:9.0.65]
	at org.apache.catalina.core.ApplicationFilterChain.doFilter(ApplicationFilterChain.java:162) ~[tomcat-embed-core-9.0.65.jar:9.0.65]
	at org.springframework.web.filter.FormContentFilter.doFilterInternal(FormContentFilter.java:93) ~[spring-web-5.3.22.jar:5.3.22]
	at org.springframework.web.filter.OncePerRequestFilter.doFilter(OncePerRequestFilter.java:117) ~[spring-web-5.3.22.jar:5.3.22]
	at org.apache.catalina.core.ApplicationFilterChain.internalDoFilter(ApplicationFilterChain.java:189) ~[tomcat-embed-core-9.0.65.jar:9.0.65]
	at org.apache.catalina.core.ApplicationFilterChain.doFilter(ApplicationFilterChain.java:162) ~[tomcat-embed-core-9.0.65.jar:9.0.65]
	at org.springframework.web.filter.CharacterEncodingFilter.doFilterInternal(CharacterEncodingFilter.java:201) ~[spring-web-5.3.22.jar:5.3.22]
	at org.springframework.web.filter.OncePerRequestFilter.doFilter(OncePerRequestFilter.java:117) ~[spring-web-5.3.22.jar:5.3.22]
	at org.apache.catalina.core.ApplicationFilterChain.internalDoFilter(ApplicationFilterChain.java:189) ~[tomcat-embed-core-9.0.65.jar:9.0.65]
	at org.apache.catalina.core.ApplicationFilterChain.doFilter(ApplicationFilterChain.java:162) ~[tomcat-embed-core-9.0.65.jar:9.0.65]
	at org.apache.catalina.core.StandardWrapperValve.invoke(StandardWrapperValve.java:197) ~[tomcat-embed-core-9.0.65.jar:9.0.65]
	at org.apache.catalina.core.StandardContextValve.invoke(StandardContextValve.java:97) ~[tomcat-embed-core-9.0.65.jar:9.0.65]
	at org.apache.catalina.authenticator.AuthenticatorBase.invoke(AuthenticatorBase.java:541) ~[tomcat-embed-core-9.0.65.jar:9.0.65]
	at org.apache.catalina.core.StandardHostValve.invoke(StandardHostValve.java:135) ~[tomcat-embed-core-9.0.65.jar:9.0.65]
	at org.apache.catalina.valves.ErrorReportValve.invoke(ErrorReportValve.java:92) ~[tomcat-embed-core-9.0.65.jar:9.0.65]
	at org.apache.catalina.core.StandardEngineValve.invoke(StandardEngineValve.java:78) ~[tomcat-embed-core-9.0.65.jar:9.0.65]
	at org.apache.catalina.connector.CoyoteAdapter.service(CoyoteAdapter.java:360) ~[tomcat-embed-core-9.0.65.jar:9.0.65]
	at org.apache.coyote.http11.Http11Processor.service(Http11Processor.java:399) ~[tomcat-embed-core-9.0.65.jar:9.0.65]
	at org.apache.coyote.AbstractProcessorLight.process(AbstractProcessorLight.java:65) ~[tomcat-embed-core-9.0.65.jar:9.0.65]
	at org.apache.coyote.AbstractProtocol$ConnectionHandler.process(AbstractProtocol.java:890) ~[tomcat-embed-core-9.0.65.jar:9.0.65]
	at org.apache.tomcat.util.net.NioEndpoint$SocketProcessor.doRun(NioEndpoint.java:1789) ~[tomcat-embed-core-9.0.65.jar:9.0.65]
	at org.apache.tomcat.util.net.SocketProcessorBase.run(SocketProcessorBase.java:49) ~[tomcat-embed-core-9.0.65.jar:9.0.65]
	at org.apache.tomcat.util.threads.ThreadPoolExecutor.runWorker(ThreadPoolExecutor.java:1191) ~[tomcat-embed-core-9.0.65.jar:9.0.65]
	at org.apache.tomcat.util.threads.ThreadPoolExecutor$Worker.run(ThreadPoolExecutor.java:659) ~[tomcat-embed-core-9.0.65.jar:9.0.65]
	at org.apache.tomcat.util.threads.TaskThread$WrappingRunnable.run(TaskThread.java:61) ~[tomcat-embed-core-9.0.65.jar:9.0.65]
	at java.lang.Thread.run(Thread.java:833) ~[?:?]
[2023-09-02 11:31:00,303] - [com.zaxxer.hikari.pool.PoolBase] [isConnectionAlive] -> (WARN) [HikariPool-1 - Failed to validate connection com.mysql.cj.jdbc.ConnectionImpl@5de3181a (No operations allowed after connection closed.). Possibly consider using a shorter maxLifetime value.] 
[2023-09-02 14:59:12,917] - [com.zaxxer.hikari.pool.HikariPool] [run] -> (WARN) [HikariPool-1 - Thread starvation or clock leap detected (housekeeper delta=2h42m9s972ms47µs600ns).] 
[2023-09-02 15:06:55,419] - [org.apache.catalina.core.ContainerBase.[Tomcat].[localhost].[/].[dispatcherServlet]] [log] -> (ERROR) [Servlet.service() for servlet [dispatcherServlet] in context with path [] threw exception [Request processing failed; nested exception is java.lang.IndexOutOfBoundsException: Index 2 out of bounds for length 2] with root cause] 
java.lang.IndexOutOfBoundsException: Index 2 out of bounds for length 2
	at jdk.internal.util.Preconditions.outOfBounds(Preconditions.java:64) ~[?:?]
	at jdk.internal.util.Preconditions.outOfBoundsCheckIndex(Preconditions.java:70) ~[?:?]
	at jdk.internal.util.Preconditions.checkIndex(Preconditions.java:266) ~[?:?]
	at java.util.Objects.checkIndex(Objects.java:359) ~[?:?]
	at java.util.ArrayList.get(ArrayList.java:427) ~[?:?]
	at com.hcl.elch.freshersuperchargers.trainingworkflow.controller.UserToModuleController.addNameToPosition(UserToModuleController.java:80) ~[classes/:?]
	at jdk.internal.reflect.NativeMethodAccessorImpl.invoke0(Native Method) ~[?:?]
	at jdk.internal.reflect.NativeMethodAccessorImpl.invoke(NativeMethodAccessorImpl.java:77) ~[?:?]
	at jdk.internal.reflect.DelegatingMethodAccessorImpl.invoke(DelegatingMethodAccessorImpl.java:43) ~[?:?]
	at java.lang.reflect.Method.invoke(Method.java:568) ~[?:?]
	at org.springframework.web.method.support.InvocableHandlerMethod.doInvoke(InvocableHandlerMethod.java:205) ~[spring-web-5.3.22.jar:5.3.22]
	at org.springframework.web.method.support.InvocableHandlerMethod.invokeForRequest(InvocableHandlerMethod.java:150) ~[spring-web-5.3.22.jar:5.3.22]
	at org.springframework.web.servlet.mvc.method.annotation.ServletInvocableHandlerMethod.invokeAndHandle(ServletInvocableHandlerMethod.java:117) ~[spring-webmvc-5.3.22.jar:5.3.22]
	at org.springframework.web.servlet.mvc.method.annotation.RequestMappingHandlerAdapter.invokeHandlerMethod(RequestMappingHandlerAdapter.java:895) ~[spring-webmvc-5.3.22.jar:5.3.22]
	at org.springframework.web.servlet.mvc.method.annotation.RequestMappingHandlerAdapter.handleInternal(RequestMappingHandlerAdapter.java:808) ~[spring-webmvc-5.3.22.jar:5.3.22]
	at org.springframework.web.servlet.mvc.method.AbstractHandlerMethodAdapter.handle(AbstractHandlerMethodAdapter.java:87) ~[spring-webmvc-5.3.22.jar:5.3.22]
	at org.springframework.web.servlet.DispatcherServlet.doDispatch(DispatcherServlet.java:1070) ~[spring-webmvc-5.3.22.jar:5.3.22]
	at org.springframework.web.servlet.DispatcherServlet.doService(DispatcherServlet.java:963) ~[spring-webmvc-5.3.22.jar:5.3.22]
	at org.springframework.web.servlet.FrameworkServlet.processRequest(FrameworkServlet.java:1006) ~[spring-webmvc-5.3.22.jar:5.3.22]
	at org.springframework.web.servlet.FrameworkServlet.doPost(FrameworkServlet.java:909) ~[spring-webmvc-5.3.22.jar:5.3.22]
	at javax.servlet.http.HttpServlet.service(HttpServlet.java:665) ~[javax.servlet-api-4.0.1.jar:4.0.1]
	at org.springframework.web.servlet.FrameworkServlet.service(FrameworkServlet.java:883) ~[spring-webmvc-5.3.22.jar:5.3.22]
	at javax.servlet.http.HttpServlet.service(HttpServlet.java:750) ~[javax.servlet-api-4.0.1.jar:4.0.1]
	at org.apache.catalina.core.ApplicationFilterChain.internalDoFilter(ApplicationFilterChain.java:227) ~[tomcat-embed-core-9.0.65.jar:9.0.65]
	at org.apache.catalina.core.ApplicationFilterChain.doFilter(ApplicationFilterChain.java:162) ~[tomcat-embed-core-9.0.65.jar:9.0.65]
	at org.apache.tomcat.websocket.server.WsFilter.doFilter(WsFilter.java:53) ~[tomcat-embed-websocket-9.0.65.jar:9.0.65]
	at org.apache.catalina.core.ApplicationFilterChain.internalDoFilter(ApplicationFilterChain.java:189) ~[tomcat-embed-core-9.0.65.jar:9.0.65]
	at org.apache.catalina.core.ApplicationFilterChain.doFilter(ApplicationFilterChain.java:162) ~[tomcat-embed-core-9.0.65.jar:9.0.65]
	at org.springframework.web.filter.RequestContextFilter.doFilterInternal(RequestContextFilter.java:100) ~[spring-web-5.3.22.jar:5.3.22]
	at org.springframework.web.filter.OncePerRequestFilter.doFilter(OncePerRequestFilter.java:117) ~[spring-web-5.3.22.jar:5.3.22]
	at org.apache.catalina.core.ApplicationFilterChain.internalDoFilter(ApplicationFilterChain.java:189) ~[tomcat-embed-core-9.0.65.jar:9.0.65]
	at org.apache.catalina.core.ApplicationFilterChain.doFilter(ApplicationFilterChain.java:162) ~[tomcat-embed-core-9.0.65.jar:9.0.65]
	at org.springframework.web.filter.FormContentFilter.doFilterInternal(FormContentFilter.java:93) ~[spring-web-5.3.22.jar:5.3.22]
	at org.springframework.web.filter.OncePerRequestFilter.doFilter(OncePerRequestFilter.java:117) ~[spring-web-5.3.22.jar:5.3.22]
	at org.apache.catalina.core.ApplicationFilterChain.internalDoFilter(ApplicationFilterChain.java:189) ~[tomcat-embed-core-9.0.65.jar:9.0.65]
	at org.apache.catalina.core.ApplicationFilterChain.doFilter(ApplicationFilterChain.java:162) ~[tomcat-embed-core-9.0.65.jar:9.0.65]
	at org.springframework.web.filter.CharacterEncodingFilter.doFilterInternal(CharacterEncodingFilter.java:201) ~[spring-web-5.3.22.jar:5.3.22]
	at org.springframework.web.filter.OncePerRequestFilter.doFilter(OncePerRequestFilter.java:117) ~[spring-web-5.3.22.jar:5.3.22]
	at org.apache.catalina.core.ApplicationFilterChain.internalDoFilter(ApplicationFilterChain.java:189) ~[tomcat-embed-core-9.0.65.jar:9.0.65]
	at org.apache.catalina.core.ApplicationFilterChain.doFilter(ApplicationFilterChain.java:162) ~[tomcat-embed-core-9.0.65.jar:9.0.65]
	at org.apache.catalina.core.StandardWrapperValve.invoke(StandardWrapperValve.java:197) ~[tomcat-embed-core-9.0.65.jar:9.0.65]
	at org.apache.catalina.core.StandardContextValve.invoke(StandardContextValve.java:97) ~[tomcat-embed-core-9.0.65.jar:9.0.65]
	at org.apache.catalina.authenticator.AuthenticatorBase.invoke(AuthenticatorBase.java:541) ~[tomcat-embed-core-9.0.65.jar:9.0.65]
	at org.apache.catalina.core.StandardHostValve.invoke(StandardHostValve.java:135) ~[tomcat-embed-core-9.0.65.jar:9.0.65]
	at org.apache.catalina.valves.ErrorReportValve.invoke(ErrorReportValve.java:92) ~[tomcat-embed-core-9.0.65.jar:9.0.65]
	at org.apache.catalina.core.StandardEngineValve.invoke(StandardEngineValve.java:78) ~[tomcat-embed-core-9.0.65.jar:9.0.65]
	at org.apache.catalina.connector.CoyoteAdapter.service(CoyoteAdapter.java:360) ~[tomcat-embed-core-9.0.65.jar:9.0.65]
	at org.apache.coyote.http11.Http11Processor.service(Http11Processor.java:399) ~[tomcat-embed-core-9.0.65.jar:9.0.65]
	at org.apache.coyote.AbstractProcessorLight.process(AbstractProcessorLight.java:65) ~[tomcat-embed-core-9.0.65.jar:9.0.65]
	at org.apache.coyote.AbstractProtocol$ConnectionHandler.process(AbstractProtocol.java:890) ~[tomcat-embed-core-9.0.65.jar:9.0.65]
	at org.apache.tomcat.util.net.NioEndpoint$SocketProcessor.doRun(NioEndpoint.java:1789) ~[tomcat-embed-core-9.0.65.jar:9.0.65]
	at org.apache.tomcat.util.net.SocketProcessorBase.run(SocketProcessorBase.java:49) ~[tomcat-embed-core-9.0.65.jar:9.0.65]
	at org.apache.tomcat.util.threads.ThreadPoolExecutor.runWorker(ThreadPoolExecutor.java:1191) ~[tomcat-embed-core-9.0.65.jar:9.0.65]
	at org.apache.tomcat.util.threads.ThreadPoolExecutor$Worker.run(ThreadPoolExecutor.java:659) ~[tomcat-embed-core-9.0.65.jar:9.0.65]
	at org.apache.tomcat.util.threads.TaskThread$WrappingRunnable.run(TaskThread.java:61) ~[tomcat-embed-core-9.0.65.jar:9.0.65]
	at java.lang.Thread.run(Thread.java:833) ~[?:?]
[2023-09-02 15:07:29,125] - [org.apache.catalina.core.ContainerBase.[Tomcat].[localhost].[/].[dispatcherServlet]] [log] -> (ERROR) [Servlet.service() for servlet [dispatcherServlet] in context with path [] threw exception [Request processing failed; nested exception is java.lang.IndexOutOfBoundsException: Index 2 out of bounds for length 2] with root cause] 
java.lang.IndexOutOfBoundsException: Index 2 out of bounds for length 2
	at jdk.internal.util.Preconditions.outOfBounds(Preconditions.java:64) ~[?:?]
	at jdk.internal.util.Preconditions.outOfBoundsCheckIndex(Preconditions.java:70) ~[?:?]
	at jdk.internal.util.Preconditions.checkIndex(Preconditions.java:266) ~[?:?]
	at java.util.Objects.checkIndex(Objects.java:359) ~[?:?]
	at java.util.ArrayList.get(ArrayList.java:427) ~[?:?]
	at com.hcl.elch.freshersuperchargers.trainingworkflow.controller.UserToModuleController.addNameToPosition(UserToModuleController.java:80) ~[classes/:?]
	at jdk.internal.reflect.NativeMethodAccessorImpl.invoke0(Native Method) ~[?:?]
	at jdk.internal.reflect.NativeMethodAccessorImpl.invoke(NativeMethodAccessorImpl.java:77) ~[?:?]
	at jdk.internal.reflect.DelegatingMethodAccessorImpl.invoke(DelegatingMethodAccessorImpl.java:43) ~[?:?]
	at java.lang.reflect.Method.invoke(Method.java:568) ~[?:?]
	at org.springframework.web.method.support.InvocableHandlerMethod.doInvoke(InvocableHandlerMethod.java:205) ~[spring-web-5.3.22.jar:5.3.22]
	at org.springframework.web.method.support.InvocableHandlerMethod.invokeForRequest(InvocableHandlerMethod.java:150) ~[spring-web-5.3.22.jar:5.3.22]
	at org.springframework.web.servlet.mvc.method.annotation.ServletInvocableHandlerMethod.invokeAndHandle(ServletInvocableHandlerMethod.java:117) ~[spring-webmvc-5.3.22.jar:5.3.22]
	at org.springframework.web.servlet.mvc.method.annotation.RequestMappingHandlerAdapter.invokeHandlerMethod(RequestMappingHandlerAdapter.java:895) ~[spring-webmvc-5.3.22.jar:5.3.22]
	at org.springframework.web.servlet.mvc.method.annotation.RequestMappingHandlerAdapter.handleInternal(RequestMappingHandlerAdapter.java:808) ~[spring-webmvc-5.3.22.jar:5.3.22]
	at org.springframework.web.servlet.mvc.method.AbstractHandlerMethodAdapter.handle(AbstractHandlerMethodAdapter.java:87) ~[spring-webmvc-5.3.22.jar:5.3.22]
	at org.springframework.web.servlet.DispatcherServlet.doDispatch(DispatcherServlet.java:1070) ~[spring-webmvc-5.3.22.jar:5.3.22]
	at org.springframework.web.servlet.DispatcherServlet.doService(DispatcherServlet.java:963) ~[spring-webmvc-5.3.22.jar:5.3.22]
	at org.springframework.web.servlet.FrameworkServlet.processRequest(FrameworkServlet.java:1006) ~[spring-webmvc-5.3.22.jar:5.3.22]
	at org.springframework.web.servlet.FrameworkServlet.doPost(FrameworkServlet.java:909) ~[spring-webmvc-5.3.22.jar:5.3.22]
	at javax.servlet.http.HttpServlet.service(HttpServlet.java:665) ~[javax.servlet-api-4.0.1.jar:4.0.1]
	at org.springframework.web.servlet.FrameworkServlet.service(FrameworkServlet.java:883) ~[spring-webmvc-5.3.22.jar:5.3.22]
	at javax.servlet.http.HttpServlet.service(HttpServlet.java:750) ~[javax.servlet-api-4.0.1.jar:4.0.1]
	at org.apache.catalina.core.ApplicationFilterChain.internalDoFilter(ApplicationFilterChain.java:227) ~[tomcat-embed-core-9.0.65.jar:9.0.65]
	at org.apache.catalina.core.ApplicationFilterChain.doFilter(ApplicationFilterChain.java:162) ~[tomcat-embed-core-9.0.65.jar:9.0.65]
	at org.apache.tomcat.websocket.server.WsFilter.doFilter(WsFilter.java:53) ~[tomcat-embed-websocket-9.0.65.jar:9.0.65]
	at org.apache.catalina.core.ApplicationFilterChain.internalDoFilter(ApplicationFilterChain.java:189) ~[tomcat-embed-core-9.0.65.jar:9.0.65]
	at org.apache.catalina.core.ApplicationFilterChain.doFilter(ApplicationFilterChain.java:162) ~[tomcat-embed-core-9.0.65.jar:9.0.65]
	at org.springframework.web.filter.RequestContextFilter.doFilterInternal(RequestContextFilter.java:100) ~[spring-web-5.3.22.jar:5.3.22]
	at org.springframework.web.filter.OncePerRequestFilter.doFilter(OncePerRequestFilter.java:117) ~[spring-web-5.3.22.jar:5.3.22]
	at org.apache.catalina.core.ApplicationFilterChain.internalDoFilter(ApplicationFilterChain.java:189) ~[tomcat-embed-core-9.0.65.jar:9.0.65]
	at org.apache.catalina.core.ApplicationFilterChain.doFilter(ApplicationFilterChain.java:162) ~[tomcat-embed-core-9.0.65.jar:9.0.65]
	at org.springframework.web.filter.FormContentFilter.doFilterInternal(FormContentFilter.java:93) ~[spring-web-5.3.22.jar:5.3.22]
	at org.springframework.web.filter.OncePerRequestFilter.doFilter(OncePerRequestFilter.java:117) ~[spring-web-5.3.22.jar:5.3.22]
	at org.apache.catalina.core.ApplicationFilterChain.internalDoFilter(ApplicationFilterChain.java:189) ~[tomcat-embed-core-9.0.65.jar:9.0.65]
	at org.apache.catalina.core.ApplicationFilterChain.doFilter(ApplicationFilterChain.java:162) ~[tomcat-embed-core-9.0.65.jar:9.0.65]
	at org.springframework.web.filter.CharacterEncodingFilter.doFilterInternal(CharacterEncodingFilter.java:201) ~[spring-web-5.3.22.jar:5.3.22]
	at org.springframework.web.filter.OncePerRequestFilter.doFilter(OncePerRequestFilter.java:117) ~[spring-web-5.3.22.jar:5.3.22]
	at org.apache.catalina.core.ApplicationFilterChain.internalDoFilter(ApplicationFilterChain.java:189) ~[tomcat-embed-core-9.0.65.jar:9.0.65]
	at org.apache.catalina.core.ApplicationFilterChain.doFilter(ApplicationFilterChain.java:162) ~[tomcat-embed-core-9.0.65.jar:9.0.65]
	at org.apache.catalina.core.StandardWrapperValve.invoke(StandardWrapperValve.java:197) ~[tomcat-embed-core-9.0.65.jar:9.0.65]
	at org.apache.catalina.core.StandardContextValve.invoke(StandardContextValve.java:97) ~[tomcat-embed-core-9.0.65.jar:9.0.65]
	at org.apache.catalina.authenticator.AuthenticatorBase.invoke(AuthenticatorBase.java:541) ~[tomcat-embed-core-9.0.65.jar:9.0.65]
	at org.apache.catalina.core.StandardHostValve.invoke(StandardHostValve.java:135) ~[tomcat-embed-core-9.0.65.jar:9.0.65]
	at org.apache.catalina.valves.ErrorReportValve.invoke(ErrorReportValve.java:92) ~[tomcat-embed-core-9.0.65.jar:9.0.65]
	at org.apache.catalina.core.StandardEngineValve.invoke(StandardEngineValve.java:78) ~[tomcat-embed-core-9.0.65.jar:9.0.65]
	at org.apache.catalina.connector.CoyoteAdapter.service(CoyoteAdapter.java:360) ~[tomcat-embed-core-9.0.65.jar:9.0.65]
	at org.apache.coyote.http11.Http11Processor.service(Http11Processor.java:399) ~[tomcat-embed-core-9.0.65.jar:9.0.65]
	at org.apache.coyote.AbstractProcessorLight.process(AbstractProcessorLight.java:65) ~[tomcat-embed-core-9.0.65.jar:9.0.65]
	at org.apache.coyote.AbstractProtocol$ConnectionHandler.process(AbstractProtocol.java:890) ~[tomcat-embed-core-9.0.65.jar:9.0.65]
	at org.apache.tomcat.util.net.NioEndpoint$SocketProcessor.doRun(NioEndpoint.java:1789) ~[tomcat-embed-core-9.0.65.jar:9.0.65]
	at org.apache.tomcat.util.net.SocketProcessorBase.run(SocketProcessorBase.java:49) ~[tomcat-embed-core-9.0.65.jar:9.0.65]
	at org.apache.tomcat.util.threads.ThreadPoolExecutor.runWorker(ThreadPoolExecutor.java:1191) ~[tomcat-embed-core-9.0.65.jar:9.0.65]
	at org.apache.tomcat.util.threads.ThreadPoolExecutor$Worker.run(ThreadPoolExecutor.java:659) ~[tomcat-embed-core-9.0.65.jar:9.0.65]
	at org.apache.tomcat.util.threads.TaskThread$WrappingRunnable.run(TaskThread.java:61) ~[tomcat-embed-core-9.0.65.jar:9.0.65]
	at java.lang.Thread.run(Thread.java:833) ~[?:?]
[2023-09-02 15:07:43,228] - [org.springframework.boot.admin.SpringApplicationAdminMXBeanRegistrar$SpringApplicationAdmin] [shutdown] -> (INFO) [Application shutdown requested.] 
[2023-09-02 15:07:46,792] - [org.camunda.bpm.container] [logInfo] -> (INFO) [ENGINE-08051 Process application trainingWorkflowApplication undeployed] 
[2023-09-02 15:07:46,825] - [org.apache.coyote.http11.Http11NioProtocol] [log] -> (INFO) [Pausing ProtocolHandler ["http-nio-9002"]] 
[2023-09-02 15:07:46,825] - [org.apache.catalina.core.StandardService] [log] -> (INFO) [Stopping service [Tomcat]] 
[2023-09-02 15:07:46,829] - [org.apache.catalina.core.ContainerBase.[Tomcat].[localhost].[/]] [log] -> (INFO) [Destroying Spring FrameworkServlet 'dispatcherServlet'] 
[2023-09-02 15:07:46,835] - [org.apache.coyote.http11.Http11NioProtocol] [log] -> (INFO) [Stopping ProtocolHandler ["http-nio-9002"]] 
[2023-09-02 15:07:46,838] - [org.apache.coyote.http11.Http11NioProtocol] [log] -> (INFO) [Destroying ProtocolHandler ["http-nio-9002"]] 
[2023-09-02 15:07:51,290] - [org.camunda.bpm.engine.jobexecutor] [logInfo] -> (INFO) [ENGINE-14015 Shutting down the JobExecutor[org.camunda.bpm.engine.spring.components.jobexecutor.SpringJobExecutor]] 
[2023-09-02 15:07:51,290] - [org.camunda.bpm.engine.jobexecutor] [logInfo] -> (INFO) [ENGINE-14020 JobExecutor[org.camunda.bpm.engine.spring.components.jobexecutor.SpringJobExecutor] stopped job acquisition] 
[2023-09-02 15:07:51,948] - [org.camunda.bpm.engine] [logInfo] -> (INFO) [ENGINE-00007 Process Engine default closed] 
[2023-09-02 15:07:51,950] - [org.springframework.orm.jpa.LocalContainerEntityManagerFactoryBean] [destroy] -> (INFO) [Closing JPA EntityManagerFactory for persistence unit 'default'] 
[2023-09-02 15:07:51,956] - [com.zaxxer.hikari.HikariDataSource] [close] -> (INFO) [HikariPool-1 - Shutdown initiated...] 
[2023-09-02 15:07:54,321] - [com.zaxxer.hikari.HikariDataSource] [close] -> (INFO) [HikariPool-1 - Shutdown completed.] 
[2023-09-02 15:08:05,822] - [org.hibernate.validator.internal.util.Version] [<clinit>] -> (INFO) [HV000001: Hibernate Validator 6.2.5.Final] 
[2023-09-02 15:08:05,877] - [com.hcl.elch.freshersuperchargers.trainingworkflow.TrainingWorkflowApplication] [logStarting] -> (INFO) [Starting TrainingWorkflowApplication using Java 17.0.4.1 on LP-220234919 with PID 17384 (C:\Users\sandipan.dandapat\Downloads\TrainingWorkflow\target\classes started by sandipan.dandapat in C:\Users\sandipan.dandapat\Downloads\TrainingWorkflow)] 
[2023-09-02 15:08:05,883] - [com.hcl.elch.freshersuperchargers.trainingworkflow.TrainingWorkflowApplication] [logStartupProfileInfo] -> (INFO) [No active profile set, falling back to 1 default profile: "default"] 
[2023-09-02 15:08:05,961] - [org.springframework.boot.devtools.restart.ChangeableUrls] [logTo] -> (INFO) [The Class-Path manifest attribute in C:\Users\sandipan.dandapat\.m2\repository\org\glassfish\hk2\hk2\2.6.1\hk2-2.6.1.jar referenced one or more files that do not exist: file:/C:/Users/sandipan.dandapat/.m2/repository/org/glassfish/hk2/hk2/2.6.1/hk2-utils.jar,file:/C:/Users/sandipan.dandapat/.m2/repository/org/glassfish/hk2/hk2/2.6.1/jakarta.annotation-api.jar,file:/C:/Users/sandipan.dandapat/.m2/repository/org/glassfish/hk2/hk2/2.6.1/jakarta.inject.jar,file:/C:/Users/sandipan.dandapat/.m2/repository/org/glassfish/hk2/hk2/2.6.1/hk2-api.jar,file:/C:/Users/sandipan.dandapat/.m2/repository/org/glassfish/hk2/hk2/2.6.1/aopalliance-repackaged.jar,file:/C:/Users/sandipan.dandapat/.m2/repository/org/glassfish/hk2/hk2/2.6.1/hk2-core.jar,file:/C:/Users/sandipan.dandapat/.m2/repository/org/glassfish/hk2/hk2/2.6.1/hk2-locator.jar,file:/C:/Users/sandipan.dandapat/.m2/repository/org/glassfish/hk2/hk2/2.6.1/javassist.jar,file:/C:/Users/sandipan.dandapat/.m2/repository/org/glassfish/hk2/hk2/2.6.1/hk2-runlevel.jar,file:/C:/Users/sandipan.dandapat/.m2/repository/org/glassfish/hk2/hk2/2.6.1/class-model.jar,file:/C:/Users/sandipan.dandapat/.m2/repository/org/glassfish/hk2/hk2/2.6.1/asm.jar,file:/C:/Users/sandipan.dandapat/.m2/repository/org/glassfish/hk2/hk2/2.6.1/asm-analysis.jar,file:/C:/Users/sandipan.dandapat/.m2/repository/org/glassfish/hk2/hk2/2.6.1/asm-commons.jar,file:/C:/Users/sandipan.dandapat/.m2/repository/org/glassfish/hk2/hk2/2.6.1/asm-tree.jar,file:/C:/Users/sandipan.dandapat/.m2/repository/org/glassfish/hk2/hk2/2.6.1/asm-util.jar] 
[2023-09-02 15:08:05,968] - [org.springframework.boot.devtools.env.DevToolsPropertyDefaultsPostProcessor] [logTo] -> (INFO) [Devtools property defaults active! Set 'spring.devtools.add-properties' to 'false' to disable] 
[2023-09-02 15:08:05,968] - [org.springframework.boot.devtools.env.DevToolsPropertyDefaultsPostProcessor] [logTo] -> (INFO) [For additional web related logging consider setting the 'logging.level.web' property to 'DEBUG'] 
[2023-09-02 15:08:07,011] - [org.springframework.data.repository.config.RepositoryConfigurationDelegate] [registerRepositoriesIn] -> (INFO) [Bootstrapping Spring Data JPA repositories in DEFAULT mode.] 
[2023-09-02 15:08:07,140] - [org.springframework.data.repository.config.RepositoryConfigurationDelegate] [registerRepositoriesIn] -> (INFO) [Finished Spring Data repository scanning in 118 ms. Found 9 JPA repository interfaces.] 
[2023-09-02 15:08:08,239] - [org.springframework.boot.web.embedded.tomcat.TomcatWebServer] [initialize] -> (INFO) [Tomcat initialized with port(s): 9002 (http)] 
[2023-09-02 15:08:08,262] - [org.apache.coyote.http11.Http11NioProtocol] [log] -> (INFO) [Initializing ProtocolHandler ["http-nio-9002"]] 
[2023-09-02 15:08:08,262] - [org.apache.catalina.core.StandardService] [log] -> (INFO) [Starting service [Tomcat]] 
[2023-09-02 15:08:08,264] - [org.apache.catalina.core.StandardEngine] [log] -> (INFO) [Starting Servlet engine: [Apache Tomcat/9.0.65]] 
[2023-09-02 15:08:09,036] - [org.apache.catalina.core.ContainerBase.[Tomcat].[localhost].[/]] [log] -> (INFO) [Initializing Spring embedded WebApplicationContext] 
[2023-09-02 15:08:09,036] - [org.springframework.boot.web.servlet.context.ServletWebServerApplicationContext] [prepareWebApplicationContext] -> (INFO) [Root WebApplicationContext: initialization completed in 3066 ms] 
[2023-09-02 15:08:09,071] - [org.camunda.bpm.spring.boot.starter.rest.CamundaJerseyResourceConfig] [registerCamundaRestResources] -> (INFO) [Configuring camunda rest api.] 
[2023-09-02 15:08:09,096] - [org.camunda.bpm.spring.boot.starter.rest.CamundaJerseyResourceConfig] [registerCamundaRestResources] -> (INFO) [Finished configuring camunda rest api.] 
[2023-09-02 15:08:09,568] - [org.hibernate.jpa.internal.util.LogHelper] [logPersistenceUnitInformation] -> (INFO) [HHH000204: Processing PersistenceUnitInfo [name: default]] 
[2023-09-02 15:08:09,654] - [org.hibernate.Version] [logVersion] -> (INFO) [HHH000412: Hibernate ORM core version 5.6.11.Final] 
[2023-09-02 15:08:09,890] - [org.hibernate.annotations.common.Version] [<clinit>] -> (INFO) [HCANN000001: Hibernate Commons Annotations {5.1.2.Final}] 
[2023-09-02 15:08:10,025] - [com.zaxxer.hikari.HikariDataSource] [getConnection] -> (INFO) [HikariPool-1 - Starting...] 
[2023-09-02 15:08:16,575] - [com.zaxxer.hikari.HikariDataSource] [getConnection] -> (INFO) [HikariPool-1 - Start completed.] 
[2023-09-02 15:08:16,609] - [org.hibernate.dialect.Dialect] [<init>] -> (INFO) [HHH000400: Using dialect: org.hibernate.dialect.MySQL5InnoDBDialect] 
[2023-09-02 15:08:22,522] - [org.hibernate.engine.transaction.jta.platform.internal.JtaPlatformInitiator] [initiateService] -> (INFO) [HHH000490: Using JtaPlatform implementation: [org.hibernate.engine.transaction.jta.platform.internal.NoJtaPlatform]] 
[2023-09-02 15:08:22,536] - [org.springframework.orm.jpa.LocalContainerEntityManagerFactoryBean] [buildNativeEntityManagerFactory] -> (INFO) [Initialized JPA EntityManagerFactory for persistence unit 'default'] 
[2023-09-02 15:08:23,003] - [org.camunda.bpm.spring.boot] [logInfo] -> (INFO) [STARTER-SB040 Setting up jobExecutor with corePoolSize=3, maxPoolSize:10] 
[2023-09-02 15:08:23,126] - [org.camunda.bpm.engine.cfg] [logInfo] -> (INFO) [ENGINE-12003 Plugin 'CompositeProcessEnginePlugin[genericPropertiesConfiguration, camundaProcessEngineConfiguration, camundaDatasourceConfiguration, camundaJpaConfiguration, camundaJobConfiguration, camundaHistoryConfiguration, camundaMetricsConfiguration, camundaAuthorizationConfiguration, CreateAdminUserConfiguration[adminUser=AdminUserProperty[id=Test, firstName=Test, lastName=Test, email=Test@localhost, password=******]], failedJobConfiguration, disableDeploymentResourcePattern, eventPublisherPlugin, ApplicationContextClassloaderSwitchPlugin, SpringBootSpinProcessEnginePlugin]' activated on process engine 'default'] 
[2023-09-02 15:08:23,133] - [org.camunda.bpm.spring.boot] [logInfo] -> (INFO) [STARTER-SB020 ProcessApplication enabled: autoDeployment via springConfiguration#deploymentResourcePattern is disabled] 
[2023-09-02 15:08:23,135] - [org.camunda.bpm.spring.boot.starter.event.EventPublisherPlugin] [preInit] -> (INFO) [EVENTING-001: Initialized Camunda Spring Boot Eventing Engine Plugin.] 
[2023-09-02 15:08:23,135] - [org.camunda.bpm.spring.boot.starter.event.EventPublisherPlugin] [preInit] -> (INFO) [EVENTING-003: Task events will be published as Spring Events.] 
[2023-09-02 15:08:23,135] - [org.camunda.bpm.spring.boot.starter.event.EventPublisherPlugin] [preInit] -> (INFO) [EVENTING-005: Execution events will be published as Spring Events.] 
[2023-09-02 15:08:23,138] - [org.camunda.bpm.spring.boot.starter.event.EventPublisherPlugin] [preInit] -> (INFO) [EVENTING-007: History events will be published as Spring events.] 
[2023-09-02 15:08:23,145] - [org.camunda.spin] [logInfo] -> (INFO) [SPIN-01010 Discovered Spin data format provider: org.camunda.spin.impl.json.jackson.format.JacksonJsonDataFormatProvider[name = application/json]] 
[2023-09-02 15:08:23,447] - [org.camunda.spin] [logInfo] -> (INFO) [SPIN-01010 Discovered Spin data format provider: org.camunda.spin.impl.xml.dom.format.DomXmlDataFormatProvider[name = application/xml]] 
[2023-09-02 15:08:23,546] - [org.camunda.spin] [logInfo] -> (INFO) [SPIN-01009 Discovered Spin data format: org.camunda.spin.impl.xml.dom.format.DomXmlDataFormat[name = application/xml]] 
[2023-09-02 15:08:23,546] - [org.camunda.spin] [logInfo] -> (INFO) [SPIN-01009 Discovered Spin data format: org.camunda.spin.impl.json.jackson.format.JacksonJsonDataFormat[name = application/json]] 
[2023-09-02 15:08:23,859] - [org.camunda.bpm.dmn.feel.scala] [logInfo] -> (INFO) [FEEL/SCALA-01001 Spin value mapper detected] 
[2023-09-02 15:08:23,942] - [org.camunda.feel.FeelEngine] [<init>] -> (INFO) [Engine created. [value-mapper: CompositeValueMapper(List(org.camunda.feel.impl.JavaValueMapper@3830a695, org.camunda.spin.plugin.impl.feel.integration.SpinValueMapper@288ba8a1)), function-provider: org.camunda.bpm.dmn.feel.impl.scala.function.CustomFunctionTransformer@7ffc9ecf, clock: SystemClock, configuration: Configuration(false)]] 
[2023-09-02 15:08:29,530] - [org.camunda.bpm.connect] [logInfo] -> (INFO) [CNCT-01004 Discovered provider for connector id 'http-connector' and class 'org.camunda.connect.httpclient.impl.HttpConnectorImpl': 'org.camunda.connect.httpclient.impl.HttpConnectorProviderImpl'] 
[2023-09-02 15:08:29,533] - [org.camunda.bpm.connect] [logInfo] -> (INFO) [CNCT-01004 Discovered provider for connector id 'soap-http-connector' and class 'org.camunda.connect.httpclient.soap.impl.SoapHttpConnectorImpl': 'org.camunda.connect.httpclient.soap.impl.SoapHttpConnectorProviderImpl'] 
[2023-09-02 15:08:36,377] - [org.camunda.bpm.engine] [logInfo] -> (INFO) [ENGINE-00001 Process Engine default created.] 
[2023-09-02 15:08:37,988] - [org.camunda.bpm.spring.boot] [logInfo] -> (INFO) [STARTER-SB011 Skip creating initial Admin User, user does exist: UserEntity[id=Test, revision=1, firstName=Test, lastName=Test, email=Test@localhost, password={SHA-512}Le2t8lX7wZijh42qvc6kypdwJopW4Sw4d2M0+iWrQc2ILQylT8c0wIuuWJqrbo6BaQMkZlC0WWpLMlGn3lb15A==, salt=vCyLKArT0xroGobbnLsA+g==, lockExpirationTime=null, attempts=0]] 
[2023-09-02 15:08:38,374] - [org.drools.compiler.kie.builder.impl.KieBuilderImpl] [packageNameForFile] -> (WARN) [File 'rules/tasks.drl' is in folder 'rules' but declares package 'com.foobat'. It is advised to have a correspondance between package and folder names.] 
[2023-09-02 15:08:39,542] - [org.springframework.boot.autoconfigure.orm.jpa.JpaBaseConfiguration$JpaWebConfiguration] [openEntityManagerInViewInterceptor] -> (WARN) [spring.jpa.open-in-view is enabled by default. Therefore, database queries may be performed during view rendering. Explicitly configure spring.jpa.open-in-view to disable this warning] 
[2023-09-02 15:08:39,972] - [org.camunda.bpm.spring.boot.starter.webapp.filter.LazyInitRegistration] [lazyInit] -> (INFO) [lazy initialized org.camunda.bpm.spring.boot.starter.webapp.filter.LazySecurityFilter@36110ce7] 
[2023-09-02 15:08:39,973] - [org.camunda.bpm.spring.boot.starter.webapp.filter.LazyInitRegistration] [lazyInit] -> (INFO) [lazy initialized org.camunda.bpm.spring.boot.starter.webapp.filter.LazyProcessEnginesFilter@65505dda] 
[2023-09-02 15:08:40,255] - [org.springframework.boot.devtools.autoconfigure.OptionalLiveReloadServer] [startServer] -> (INFO) [LiveReload server is running on port 35729] 
[2023-09-02 15:08:40,300] - [org.apache.coyote.http11.Http11NioProtocol] [log] -> (INFO) [Starting ProtocolHandler ["http-nio-9002"]] 
[2023-09-02 15:08:40,359] - [org.springframework.boot.web.embedded.tomcat.TomcatWebServer] [start] -> (INFO) [Tomcat started on port(s): 9002 (http) with context path ''] 
[2023-09-02 15:08:40,407] - [org.camunda.bpm.container] [logInfo] -> (INFO) [ENGINE-08024 Found processes.xml file at file:/C:/Users/sandipan.dandapat/Downloads/TrainingWorkflow/target/classes/META-INF/processes.xml] 
[2023-09-02 15:08:40,526] - [org.camunda.bpm.container] [logInfo] -> (INFO) [ENGINE-08023 Deployment summary for process archive 'trainingWorkflowApplication': 

        userform.form
        training-workflow.bpmn
        userformPOC.form
] 
[2023-09-02 15:08:43,494] - [org.camunda.bpm.application] [logInfo] -> (INFO) [ENGINE-07021 ProcessApplication 'trainingWorkflowApplication' registered for DB deployments [244855b1-4047-11ee-a632-085bd6a1e528, 7a6aac2d-480d-11ee-bfd7-1244bd7b236f]. Will execute process definitions 

        Decision[version: 1, id: Decision:1:24962795-4047-11ee-a632-085bd6a1e528]
        Decision[version: 2, id: Decision:2:7a9369e1-480d-11ee-bfd7-1244bd7b236f]
Deployment does not provide any case definitions.] 
[2023-09-02 15:08:43,943] - [org.camunda.bpm.container] [logInfo] -> (INFO) [ENGINE-08050 Process application trainingWorkflowApplication successfully deployed] 
[2023-09-02 15:08:43,948] - [com.hcl.elch.freshersuperchargers.trainingworkflow.TrainingWorkflowApplication] [logStarted] -> (INFO) [Started TrainingWorkflowApplication in 38.522 seconds (JVM running for 42.576)] 
[2023-09-02 15:08:43,954] - [org.camunda.bpm.engine.jobexecutor] [logInfo] -> (INFO) [ENGINE-14014 Starting up the JobExecutor[org.camunda.bpm.engine.spring.components.jobexecutor.SpringJobExecutor].] 
[2023-09-02 15:08:43,957] - [org.camunda.bpm.engine.jobexecutor] [logInfo] -> (INFO) [ENGINE-14018 JobExecutor[org.camunda.bpm.engine.spring.components.jobexecutor.SpringJobExecutor] starting to acquire jobs] 
[2023-09-02 15:08:52,847] - [org.apache.catalina.core.ContainerBase.[Tomcat].[localhost].[/]] [log] -> (INFO) [Initializing Spring DispatcherServlet 'dispatcherServlet'] 
[2023-09-02 15:08:52,848] - [org.springframework.web.servlet.DispatcherServlet] [initServletBean] -> (INFO) [Initializing Servlet 'dispatcherServlet'] 
[2023-09-02 15:08:52,850] - [org.springframework.web.servlet.DispatcherServlet] [initServletBean] -> (INFO) [Completed initialization in 2 ms] 
[2023-09-02 15:08:53,675] - [org.apache.catalina.core.ContainerBase.[Tomcat].[localhost].[/].[dispatcherServlet]] [log] -> (ERROR) [Servlet.service() for servlet [dispatcherServlet] in context with path [] threw exception [Request processing failed; nested exception is java.lang.IndexOutOfBoundsException: Index 2 out of bounds for length 2] with root cause] 
java.lang.IndexOutOfBoundsException: Index 2 out of bounds for length 2
	at jdk.internal.util.Preconditions.outOfBounds(Preconditions.java:64) ~[?:?]
	at jdk.internal.util.Preconditions.outOfBoundsCheckIndex(Preconditions.java:70) ~[?:?]
	at jdk.internal.util.Preconditions.checkIndex(Preconditions.java:266) ~[?:?]
	at java.util.Objects.checkIndex(Objects.java:359) ~[?:?]
	at java.util.ArrayList.get(ArrayList.java:427) ~[?:?]
	at com.hcl.elch.freshersuperchargers.trainingworkflow.controller.UserToModuleController.addNameToPosition(UserToModuleController.java:80) ~[classes/:?]
	at jdk.internal.reflect.NativeMethodAccessorImpl.invoke0(Native Method) ~[?:?]
	at jdk.internal.reflect.NativeMethodAccessorImpl.invoke(NativeMethodAccessorImpl.java:77) ~[?:?]
	at jdk.internal.reflect.DelegatingMethodAccessorImpl.invoke(DelegatingMethodAccessorImpl.java:43) ~[?:?]
	at java.lang.reflect.Method.invoke(Method.java:568) ~[?:?]
	at org.springframework.web.method.support.InvocableHandlerMethod.doInvoke(InvocableHandlerMethod.java:205) ~[spring-web-5.3.22.jar:5.3.22]
	at org.springframework.web.method.support.InvocableHandlerMethod.invokeForRequest(InvocableHandlerMethod.java:150) ~[spring-web-5.3.22.jar:5.3.22]
	at org.springframework.web.servlet.mvc.method.annotation.ServletInvocableHandlerMethod.invokeAndHandle(ServletInvocableHandlerMethod.java:117) ~[spring-webmvc-5.3.22.jar:5.3.22]
	at org.springframework.web.servlet.mvc.method.annotation.RequestMappingHandlerAdapter.invokeHandlerMethod(RequestMappingHandlerAdapter.java:895) ~[spring-webmvc-5.3.22.jar:5.3.22]
	at org.springframework.web.servlet.mvc.method.annotation.RequestMappingHandlerAdapter.handleInternal(RequestMappingHandlerAdapter.java:808) ~[spring-webmvc-5.3.22.jar:5.3.22]
	at org.springframework.web.servlet.mvc.method.AbstractHandlerMethodAdapter.handle(AbstractHandlerMethodAdapter.java:87) ~[spring-webmvc-5.3.22.jar:5.3.22]
	at org.springframework.web.servlet.DispatcherServlet.doDispatch(DispatcherServlet.java:1070) ~[spring-webmvc-5.3.22.jar:5.3.22]
	at org.springframework.web.servlet.DispatcherServlet.doService(DispatcherServlet.java:963) ~[spring-webmvc-5.3.22.jar:5.3.22]
	at org.springframework.web.servlet.FrameworkServlet.processRequest(FrameworkServlet.java:1006) ~[spring-webmvc-5.3.22.jar:5.3.22]
	at org.springframework.web.servlet.FrameworkServlet.doPost(FrameworkServlet.java:909) ~[spring-webmvc-5.3.22.jar:5.3.22]
	at javax.servlet.http.HttpServlet.service(HttpServlet.java:665) ~[javax.servlet-api-4.0.1.jar:4.0.1]
	at org.springframework.web.servlet.FrameworkServlet.service(FrameworkServlet.java:883) ~[spring-webmvc-5.3.22.jar:5.3.22]
	at javax.servlet.http.HttpServlet.service(HttpServlet.java:750) ~[javax.servlet-api-4.0.1.jar:4.0.1]
	at org.apache.catalina.core.ApplicationFilterChain.internalDoFilter(ApplicationFilterChain.java:227) ~[tomcat-embed-core-9.0.65.jar:9.0.65]
	at org.apache.catalina.core.ApplicationFilterChain.doFilter(ApplicationFilterChain.java:162) ~[tomcat-embed-core-9.0.65.jar:9.0.65]
	at org.apache.tomcat.websocket.server.WsFilter.doFilter(WsFilter.java:53) ~[tomcat-embed-websocket-9.0.65.jar:9.0.65]
	at org.apache.catalina.core.ApplicationFilterChain.internalDoFilter(ApplicationFilterChain.java:189) ~[tomcat-embed-core-9.0.65.jar:9.0.65]
	at org.apache.catalina.core.ApplicationFilterChain.doFilter(ApplicationFilterChain.java:162) ~[tomcat-embed-core-9.0.65.jar:9.0.65]
	at org.springframework.web.filter.RequestContextFilter.doFilterInternal(RequestContextFilter.java:100) ~[spring-web-5.3.22.jar:5.3.22]
	at org.springframework.web.filter.OncePerRequestFilter.doFilter(OncePerRequestFilter.java:117) ~[spring-web-5.3.22.jar:5.3.22]
	at org.apache.catalina.core.ApplicationFilterChain.internalDoFilter(ApplicationFilterChain.java:189) ~[tomcat-embed-core-9.0.65.jar:9.0.65]
	at org.apache.catalina.core.ApplicationFilterChain.doFilter(ApplicationFilterChain.java:162) ~[tomcat-embed-core-9.0.65.jar:9.0.65]
	at org.springframework.web.filter.FormContentFilter.doFilterInternal(FormContentFilter.java:93) ~[spring-web-5.3.22.jar:5.3.22]
	at org.springframework.web.filter.OncePerRequestFilter.doFilter(OncePerRequestFilter.java:117) ~[spring-web-5.3.22.jar:5.3.22]
	at org.apache.catalina.core.ApplicationFilterChain.internalDoFilter(ApplicationFilterChain.java:189) ~[tomcat-embed-core-9.0.65.jar:9.0.65]
	at org.apache.catalina.core.ApplicationFilterChain.doFilter(ApplicationFilterChain.java:162) ~[tomcat-embed-core-9.0.65.jar:9.0.65]
	at org.springframework.web.filter.CharacterEncodingFilter.doFilterInternal(CharacterEncodingFilter.java:201) ~[spring-web-5.3.22.jar:5.3.22]
	at org.springframework.web.filter.OncePerRequestFilter.doFilter(OncePerRequestFilter.java:117) ~[spring-web-5.3.22.jar:5.3.22]
	at org.apache.catalina.core.ApplicationFilterChain.internalDoFilter(ApplicationFilterChain.java:189) ~[tomcat-embed-core-9.0.65.jar:9.0.65]
	at org.apache.catalina.core.ApplicationFilterChain.doFilter(ApplicationFilterChain.java:162) ~[tomcat-embed-core-9.0.65.jar:9.0.65]
	at org.apache.catalina.core.StandardWrapperValve.invoke(StandardWrapperValve.java:197) ~[tomcat-embed-core-9.0.65.jar:9.0.65]
	at org.apache.catalina.core.StandardContextValve.invoke(StandardContextValve.java:97) ~[tomcat-embed-core-9.0.65.jar:9.0.65]
	at org.apache.catalina.authenticator.AuthenticatorBase.invoke(AuthenticatorBase.java:541) ~[tomcat-embed-core-9.0.65.jar:9.0.65]
	at org.apache.catalina.core.StandardHostValve.invoke(StandardHostValve.java:135) ~[tomcat-embed-core-9.0.65.jar:9.0.65]
	at org.apache.catalina.valves.ErrorReportValve.invoke(ErrorReportValve.java:92) ~[tomcat-embed-core-9.0.65.jar:9.0.65]
	at org.apache.catalina.core.StandardEngineValve.invoke(StandardEngineValve.java:78) ~[tomcat-embed-core-9.0.65.jar:9.0.65]
	at org.apache.catalina.connector.CoyoteAdapter.service(CoyoteAdapter.java:360) ~[tomcat-embed-core-9.0.65.jar:9.0.65]
	at org.apache.coyote.http11.Http11Processor.service(Http11Processor.java:399) ~[tomcat-embed-core-9.0.65.jar:9.0.65]
	at org.apache.coyote.AbstractProcessorLight.process(AbstractProcessorLight.java:65) ~[tomcat-embed-core-9.0.65.jar:9.0.65]
	at org.apache.coyote.AbstractProtocol$ConnectionHandler.process(AbstractProtocol.java:890) ~[tomcat-embed-core-9.0.65.jar:9.0.65]
	at org.apache.tomcat.util.net.NioEndpoint$SocketProcessor.doRun(NioEndpoint.java:1789) ~[tomcat-embed-core-9.0.65.jar:9.0.65]
	at org.apache.tomcat.util.net.SocketProcessorBase.run(SocketProcessorBase.java:49) ~[tomcat-embed-core-9.0.65.jar:9.0.65]
	at org.apache.tomcat.util.threads.ThreadPoolExecutor.runWorker(ThreadPoolExecutor.java:1191) ~[tomcat-embed-core-9.0.65.jar:9.0.65]
	at org.apache.tomcat.util.threads.ThreadPoolExecutor$Worker.run(ThreadPoolExecutor.java:659) ~[tomcat-embed-core-9.0.65.jar:9.0.65]
	at org.apache.tomcat.util.threads.TaskThread$WrappingRunnable.run(TaskThread.java:61) ~[tomcat-embed-core-9.0.65.jar:9.0.65]
	at java.lang.Thread.run(Thread.java:833) ~[?:?]
[2023-09-02 15:19:26,847] - [org.springframework.boot.devtools.autoconfigure.LocalDevToolsAutoConfiguration$RestartingClassPathChangeChangedEventListener] [onApplicationEvent] -> (INFO) [Restarting due to 1 class path change (0 additions, 0 deletions, 1 modification)] 
[2023-09-02 15:19:30,315] - [org.camunda.bpm.container] [logInfo] -> (INFO) [ENGINE-08051 Process application trainingWorkflowApplication undeployed] 
[2023-09-02 15:19:30,346] - [org.apache.coyote.http11.Http11NioProtocol] [log] -> (INFO) [Pausing ProtocolHandler ["http-nio-9002"]] 
[2023-09-02 15:19:30,346] - [org.apache.catalina.core.StandardService] [log] -> (INFO) [Stopping service [Tomcat]] 
[2023-09-02 15:19:30,350] - [org.apache.catalina.core.ContainerBase.[Tomcat].[localhost].[/]] [log] -> (INFO) [Destroying Spring FrameworkServlet 'dispatcherServlet'] 
[2023-09-02 15:19:30,355] - [org.apache.coyote.http11.Http11NioProtocol] [log] -> (INFO) [Stopping ProtocolHandler ["http-nio-9002"]] 
[2023-09-02 15:19:30,359] - [org.apache.coyote.http11.Http11NioProtocol] [log] -> (INFO) [Destroying ProtocolHandler ["http-nio-9002"]] 
[2023-09-02 15:19:34,882] - [org.camunda.bpm.engine.jobexecutor] [logInfo] -> (INFO) [ENGINE-14015 Shutting down the JobExecutor[org.camunda.bpm.engine.spring.components.jobexecutor.SpringJobExecutor]] 
[2023-09-02 15:19:34,883] - [org.camunda.bpm.engine.jobexecutor] [logInfo] -> (INFO) [ENGINE-14020 JobExecutor[org.camunda.bpm.engine.spring.components.jobexecutor.SpringJobExecutor] stopped job acquisition] 
[2023-09-02 15:19:35,554] - [org.camunda.bpm.engine] [logInfo] -> (INFO) [ENGINE-00007 Process Engine default closed] 
[2023-09-02 15:19:35,555] - [org.springframework.orm.jpa.LocalContainerEntityManagerFactoryBean] [destroy] -> (INFO) [Closing JPA EntityManagerFactory for persistence unit 'default'] 
[2023-09-02 15:19:35,560] - [com.zaxxer.hikari.HikariDataSource] [close] -> (INFO) [HikariPool-1 - Shutdown initiated...] 
[2023-09-02 15:19:37,789] - [com.zaxxer.hikari.HikariDataSource] [close] -> (INFO) [HikariPool-1 - Shutdown completed.] 
[2023-09-02 15:19:37,987] - [com.hcl.elch.freshersuperchargers.trainingworkflow.TrainingWorkflowApplication] [logStarting] -> (INFO) [Starting TrainingWorkflowApplication using Java 17.0.4.1 on LP-220234919 with PID 17384 (C:\Users\sandipan.dandapat\Downloads\TrainingWorkflow\target\classes started by sandipan.dandapat in C:\Users\sandipan.dandapat\Downloads\TrainingWorkflow)] 
[2023-09-02 15:19:37,989] - [com.hcl.elch.freshersuperchargers.trainingworkflow.TrainingWorkflowApplication] [logStartupProfileInfo] -> (INFO) [No active profile set, falling back to 1 default profile: "default"] 
[2023-09-02 15:19:38,339] - [org.springframework.data.repository.config.RepositoryConfigurationDelegate] [registerRepositoriesIn] -> (INFO) [Bootstrapping Spring Data JPA repositories in DEFAULT mode.] 
[2023-09-02 15:19:38,415] - [org.springframework.data.repository.config.RepositoryConfigurationDelegate] [registerRepositoriesIn] -> (INFO) [Finished Spring Data repository scanning in 74 ms. Found 9 JPA repository interfaces.] 
[2023-09-02 15:19:38,543] - [org.springframework.boot.web.embedded.tomcat.TomcatWebServer] [initialize] -> (INFO) [Tomcat initialized with port(s): 9002 (http)] 
[2023-09-02 15:19:38,544] - [org.apache.coyote.http11.Http11NioProtocol] [log] -> (INFO) [Initializing ProtocolHandler ["http-nio-9002"]] 
[2023-09-02 15:19:38,545] - [org.apache.catalina.core.StandardService] [log] -> (INFO) [Starting service [Tomcat]] 
[2023-09-02 15:19:38,545] - [org.apache.catalina.core.StandardEngine] [log] -> (INFO) [Starting Servlet engine: [Apache Tomcat/9.0.65]] 
[2023-09-02 15:19:38,633] - [org.apache.catalina.core.ContainerBase.[Tomcat].[localhost].[/]] [log] -> (INFO) [Initializing Spring embedded WebApplicationContext] 
[2023-09-02 15:19:38,633] - [org.springframework.boot.web.servlet.context.ServletWebServerApplicationContext] [prepareWebApplicationContext] -> (INFO) [Root WebApplicationContext: initialization completed in 639 ms] 
[2023-09-02 15:19:38,639] - [org.camunda.bpm.spring.boot.starter.rest.CamundaJerseyResourceConfig] [registerCamundaRestResources] -> (INFO) [Configuring camunda rest api.] 
[2023-09-02 15:19:38,640] - [org.camunda.bpm.spring.boot.starter.rest.CamundaJerseyResourceConfig] [registerCamundaRestResources] -> (INFO) [Finished configuring camunda rest api.] 
[2023-09-02 15:19:38,742] - [org.hibernate.jpa.internal.util.LogHelper] [logPersistenceUnitInformation] -> (INFO) [HHH000204: Processing PersistenceUnitInfo [name: default]] 
[2023-09-02 15:19:38,752] - [com.zaxxer.hikari.HikariDataSource] [getConnection] -> (INFO) [HikariPool-2 - Starting...] 
[2023-09-02 15:19:41,432] - [com.zaxxer.hikari.HikariDataSource] [getConnection] -> (INFO) [HikariPool-2 - Start completed.] 
[2023-09-02 15:19:41,433] - [org.hibernate.dialect.Dialect] [<init>] -> (INFO) [HHH000400: Using dialect: org.hibernate.dialect.MySQL5InnoDBDialect] 
[2023-09-02 15:19:45,837] - [org.hibernate.engine.transaction.jta.platform.internal.JtaPlatformInitiator] [initiateService] -> (INFO) [HHH000490: Using JtaPlatform implementation: [org.hibernate.engine.transaction.jta.platform.internal.NoJtaPlatform]] 
[2023-09-02 15:19:45,837] - [org.springframework.orm.jpa.LocalContainerEntityManagerFactoryBean] [buildNativeEntityManagerFactory] -> (INFO) [Initialized JPA EntityManagerFactory for persistence unit 'default'] 
[2023-09-02 15:19:45,921] - [org.camunda.bpm.spring.boot] [logInfo] -> (INFO) [STARTER-SB040 Setting up jobExecutor with corePoolSize=3, maxPoolSize:10] 
[2023-09-02 15:19:45,960] - [org.camunda.bpm.engine.cfg] [logInfo] -> (INFO) [ENGINE-12003 Plugin 'CompositeProcessEnginePlugin[genericPropertiesConfiguration, camundaProcessEngineConfiguration, camundaDatasourceConfiguration, camundaJpaConfiguration, camundaJobConfiguration, camundaHistoryConfiguration, camundaMetricsConfiguration, camundaAuthorizationConfiguration, CreateAdminUserConfiguration[adminUser=AdminUserProperty[id=Test, firstName=Test, lastName=Test, email=Test@localhost, password=******]], failedJobConfiguration, disableDeploymentResourcePattern, eventPublisherPlugin, ApplicationContextClassloaderSwitchPlugin, SpringBootSpinProcessEnginePlugin]' activated on process engine 'default'] 
[2023-09-02 15:19:45,961] - [org.camunda.bpm.spring.boot] [logInfo] -> (INFO) [STARTER-SB020 ProcessApplication enabled: autoDeployment via springConfiguration#deploymentResourcePattern is disabled] 
[2023-09-02 15:19:45,961] - [org.camunda.bpm.spring.boot.starter.event.EventPublisherPlugin] [preInit] -> (INFO) [EVENTING-001: Initialized Camunda Spring Boot Eventing Engine Plugin.] 
[2023-09-02 15:19:45,961] - [org.camunda.bpm.spring.boot.starter.event.EventPublisherPlugin] [preInit] -> (INFO) [EVENTING-003: Task events will be published as Spring Events.] 
[2023-09-02 15:19:45,961] - [org.camunda.bpm.spring.boot.starter.event.EventPublisherPlugin] [preInit] -> (INFO) [EVENTING-005: Execution events will be published as Spring Events.] 
[2023-09-02 15:19:45,961] - [org.camunda.bpm.spring.boot.starter.event.EventPublisherPlugin] [preInit] -> (INFO) [EVENTING-007: History events will be published as Spring events.] 
[2023-09-02 15:19:45,962] - [org.camunda.spin] [logInfo] -> (INFO) [SPIN-01010 Discovered Spin data format provider: org.camunda.spin.impl.json.jackson.format.JacksonJsonDataFormatProvider[name = application/json]] 
[2023-09-02 15:19:45,962] - [org.camunda.spin] [logInfo] -> (INFO) [SPIN-01010 Discovered Spin data format provider: org.camunda.spin.impl.xml.dom.format.DomXmlDataFormatProvider[name = application/xml]] 
[2023-09-02 15:19:45,973] - [org.camunda.spin] [logInfo] -> (INFO) [SPIN-01009 Discovered Spin data format: org.camunda.spin.impl.xml.dom.format.DomXmlDataFormat[name = application/xml]] 
[2023-09-02 15:19:45,973] - [org.camunda.spin] [logInfo] -> (INFO) [SPIN-01009 Discovered Spin data format: org.camunda.spin.impl.json.jackson.format.JacksonJsonDataFormat[name = application/json]] 
[2023-09-02 15:19:45,977] - [org.camunda.bpm.dmn.feel.scala] [logInfo] -> (INFO) [FEEL/SCALA-01001 Spin value mapper detected] 
[2023-09-02 15:19:45,977] - [org.camunda.feel.FeelEngine] [<init>] -> (INFO) [Engine created. [value-mapper: CompositeValueMapper(List(org.camunda.feel.impl.JavaValueMapper@a95036e, org.camunda.spin.plugin.impl.feel.integration.SpinValueMapper@53cf9da3)), function-provider: org.camunda.bpm.dmn.feel.impl.scala.function.CustomFunctionTransformer@63871e0a, clock: SystemClock, configuration: Configuration(false)]] 
[2023-09-02 15:19:56,305] - [org.camunda.bpm.engine] [logInfo] -> (INFO) [ENGINE-00001 Process Engine default created.] 
[2023-09-02 15:19:57,841] - [org.camunda.bpm.spring.boot] [logInfo] -> (INFO) [STARTER-SB011 Skip creating initial Admin User, user does exist: UserEntity[id=Test, revision=1, firstName=Test, lastName=Test, email=Test@localhost, password={SHA-512}Le2t8lX7wZijh42qvc6kypdwJopW4Sw4d2M0+iWrQc2ILQylT8c0wIuuWJqrbo6BaQMkZlC0WWpLMlGn3lb15A==, salt=vCyLKArT0xroGobbnLsA+g==, lockExpirationTime=null, attempts=0]] 
[2023-09-02 15:19:57,892] - [org.drools.compiler.kie.builder.impl.KieBuilderImpl] [packageNameForFile] -> (WARN) [File 'rules/tasks.drl' is in folder 'rules' but declares package 'com.foobat'. It is advised to have a correspondance between package and folder names.] 
[2023-09-02 15:19:58,145] - [org.springframework.boot.autoconfigure.orm.jpa.JpaBaseConfiguration$JpaWebConfiguration] [openEntityManagerInViewInterceptor] -> (WARN) [spring.jpa.open-in-view is enabled by default. Therefore, database queries may be performed during view rendering. Explicitly configure spring.jpa.open-in-view to disable this warning] 
[2023-09-02 15:19:58,241] - [org.camunda.bpm.spring.boot.starter.webapp.filter.LazyInitRegistration] [lazyInit] -> (INFO) [lazy initialized org.camunda.bpm.spring.boot.starter.webapp.filter.LazySecurityFilter@5c1a8581] 
[2023-09-02 15:19:58,241] - [org.camunda.bpm.spring.boot.starter.webapp.filter.LazyInitRegistration] [lazyInit] -> (INFO) [lazy initialized org.camunda.bpm.spring.boot.starter.webapp.filter.LazyProcessEnginesFilter@63eb0285] 
[2023-09-02 15:19:58,304] - [org.springframework.boot.devtools.autoconfigure.OptionalLiveReloadServer] [startServer] -> (INFO) [LiveReload server is running on port 35729] 
[2023-09-02 15:19:58,336] - [org.apache.coyote.http11.Http11NioProtocol] [log] -> (INFO) [Starting ProtocolHandler ["http-nio-9002"]] 
[2023-09-02 15:19:58,358] - [org.springframework.boot.web.embedded.tomcat.TomcatWebServer] [start] -> (INFO) [Tomcat started on port(s): 9002 (http) with context path ''] 
[2023-09-02 15:19:58,370] - [org.camunda.bpm.container] [logInfo] -> (INFO) [ENGINE-08024 Found processes.xml file at file:/C:/Users/sandipan.dandapat/Downloads/TrainingWorkflow/target/classes/META-INF/processes.xml] 
[2023-09-02 15:19:58,424] - [org.camunda.bpm.container] [logInfo] -> (INFO) [ENGINE-08023 Deployment summary for process archive 'trainingWorkflowApplication': 

        userform.form
        training-workflow.bpmn
        userformPOC.form
] 
[2023-09-02 15:20:00,935] - [org.camunda.bpm.application] [logInfo] -> (INFO) [ENGINE-07021 ProcessApplication 'trainingWorkflowApplication' registered for DB deployments [244855b1-4047-11ee-a632-085bd6a1e528, 7a6aac2d-480d-11ee-bfd7-1244bd7b236f]. Will execute process definitions 

        Decision[version: 1, id: Decision:1:24962795-4047-11ee-a632-085bd6a1e528]
        Decision[version: 2, id: Decision:2:7a9369e1-480d-11ee-bfd7-1244bd7b236f]
Deployment does not provide any case definitions.] 
[2023-09-02 15:20:01,383] - [org.camunda.bpm.container] [logInfo] -> (INFO) [ENGINE-08050 Process application trainingWorkflowApplication successfully deployed] 
[2023-09-02 15:20:01,385] - [com.hcl.elch.freshersuperchargers.trainingworkflow.TrainingWorkflowApplication] [logStarted] -> (INFO) [Started TrainingWorkflowApplication in 23.483 seconds (JVM running for 720.012)] 
[2023-09-02 15:20:01,388] - [org.springframework.boot.devtools.autoconfigure.ConditionEvaluationDeltaLoggingListener] [onApplicationEvent] -> (INFO) [Condition evaluation unchanged] 
[2023-09-02 15:20:01,388] - [org.camunda.bpm.engine.jobexecutor] [logInfo] -> (INFO) [ENGINE-14014 Starting up the JobExecutor[org.camunda.bpm.engine.spring.components.jobexecutor.SpringJobExecutor].] 
[2023-09-02 15:20:01,389] - [org.camunda.bpm.engine.jobexecutor] [logInfo] -> (INFO) [ENGINE-14018 JobExecutor[org.camunda.bpm.engine.spring.components.jobexecutor.SpringJobExecutor] starting to acquire jobs] 
[2023-09-02 15:20:19,710] - [org.apache.catalina.core.ContainerBase.[Tomcat].[localhost].[/]] [log] -> (INFO) [Initializing Spring DispatcherServlet 'dispatcherServlet'] 
[2023-09-02 15:20:19,710] - [org.springframework.web.servlet.DispatcherServlet] [initServletBean] -> (INFO) [Initializing Servlet 'dispatcherServlet'] 
[2023-09-02 15:20:19,712] - [org.springframework.web.servlet.DispatcherServlet] [initServletBean] -> (INFO) [Completed initialization in 2 ms] 
[2023-09-02 15:23:56,835] - [org.springframework.boot.admin.SpringApplicationAdminMXBeanRegistrar$SpringApplicationAdmin] [shutdown] -> (INFO) [Application shutdown requested.] 
[2023-09-02 15:24:01,001] - [org.camunda.bpm.container] [logInfo] -> (INFO) [ENGINE-08051 Process application trainingWorkflowApplication undeployed] 
[2023-09-02 15:24:01,058] - [org.apache.coyote.http11.Http11NioProtocol] [log] -> (INFO) [Pausing ProtocolHandler ["http-nio-9002"]] 
[2023-09-02 15:24:01,059] - [org.apache.catalina.core.StandardService] [log] -> (INFO) [Stopping service [Tomcat]] 
[2023-09-02 15:24:01,060] - [org.apache.catalina.core.ContainerBase.[Tomcat].[localhost].[/]] [log] -> (INFO) [Destroying Spring FrameworkServlet 'dispatcherServlet'] 
[2023-09-02 15:24:01,064] - [org.apache.coyote.http11.Http11NioProtocol] [log] -> (INFO) [Stopping ProtocolHandler ["http-nio-9002"]] 
[2023-09-02 15:24:01,068] - [org.apache.coyote.http11.Http11NioProtocol] [log] -> (INFO) [Destroying ProtocolHandler ["http-nio-9002"]] 
[2023-09-02 15:24:05,645] - [org.camunda.bpm.engine.jobexecutor] [logInfo] -> (INFO) [ENGINE-14015 Shutting down the JobExecutor[org.camunda.bpm.engine.spring.components.jobexecutor.SpringJobExecutor]] 
[2023-09-02 15:24:05,646] - [org.camunda.bpm.engine.jobexecutor] [logInfo] -> (INFO) [ENGINE-14020 JobExecutor[org.camunda.bpm.engine.spring.components.jobexecutor.SpringJobExecutor] stopped job acquisition] 
[2023-09-02 15:24:06,324] - [org.camunda.bpm.engine] [logInfo] -> (INFO) [ENGINE-00007 Process Engine default closed] 
[2023-09-02 15:24:06,326] - [org.springframework.orm.jpa.LocalContainerEntityManagerFactoryBean] [destroy] -> (INFO) [Closing JPA EntityManagerFactory for persistence unit 'default'] 
[2023-09-02 15:24:06,326] - [com.zaxxer.hikari.HikariDataSource] [close] -> (INFO) [HikariPool-2 - Shutdown initiated...] 
[2023-09-02 15:24:08,718] - [com.zaxxer.hikari.HikariDataSource] [close] -> (INFO) [HikariPool-2 - Shutdown completed.] 
